<?xml version="1.0" encoding="UTF-8" standalone="yes"?>
<!DOCTYPE report PUBLIC "-//JACOCO//DTD Report 1.0//EN" "report.dtd">
<report name="SonarLint CLI">
  <sessioninfo id="" start="1515589708976" dump="1515589709378"/>
  <sessioninfo id="org.sonarlint.cli.util.LoggerTest testDebug" start="1515589709380" dump="1515589709580"/>
  <sessioninfo id="" start="1515589709583" dump="1515589709584"/>
  <sessioninfo id="org.sonarlint.cli.util.LoggerTest testError" start="1515589709584" dump="1515589709594"/>
  <sessioninfo id="" start="1515589709596" dump="1515589709596"/>
  <sessioninfo id="org.sonarlint.cli.util.LoggerTest testInfo" start="1515589709596" dump="1515589709597"/>
  <sessioninfo id="" start="1515589709598" dump="1515589709599"/>
  <sessioninfo id="org.sonarlint.cli.util.LoggerTest testDebugThrowableWithoutStack" start="1515589709599" dump="1515589709608"/>
  <sessioninfo id="" start="1515589709611" dump="1515589709611"/>
  <sessioninfo id="org.sonarlint.cli.util.LoggerTest testDebugThrowableWithStack" start="1515589709612" dump="1515589709613"/>
  <sessioninfo id="" start="1515589709614" dump="1515589709617"/>
  <sessioninfo id="org.sonarlint.cli.config.ConfigurationReaderTest readEmptyFileProject" start="1515589709617" dump="1515589709716"/>
  <sessioninfo id="" start="1515589709717" dump="1515589709717"/>
  <sessioninfo id="org.sonarlint.cli.config.ConfigurationReaderTest readInvalidJsonProject" start="1515589709718" dump="1515589709722"/>
  <sessioninfo id="" start="1515589709724" dump="1515589709724"/>
  <sessioninfo id="org.sonarlint.cli.config.ConfigurationReaderTest readProjectConfig" start="1515589709725" dump="1515589709778"/>
  <sessioninfo id="" start="1515589709780" dump="1515589709780"/>
  <sessioninfo id="org.sonarlint.cli.config.ConfigurationReaderTest readInvalidJsonGlobal" start="1515589709781" dump="1515589709784"/>
  <sessioninfo id="" start="1515589709785" dump="1515589709785"/>
  <sessioninfo id="org.sonarlint.cli.config.ConfigurationReaderTest failProjectWithoutBindingKey" start="1515589709786" dump="1515589709787"/>
  <sessioninfo id="" start="1515589709788" dump="1515589709788"/>
  <sessioninfo id="org.sonarlint.cli.config.ConfigurationReaderTest readEmptyFileGlobal" start="1515589709789" dump="1515589709789"/>
  <sessioninfo id="" start="1515589709790" dump="1515589709791"/>
  <sessioninfo id="org.sonarlint.cli.config.ConfigurationReaderTest readGlobalConfig" start="1515589709791" dump="1515589709799"/>
  <sessioninfo id="" start="1515589709801" dump="1515589709801"/>
  <sessioninfo id="org.sonarlint.cli.config.ConfigurationReaderTest failWithRepeatedServers" start="1515589709802" dump="1515589709803"/>
  <sessioninfo id="" start="1515589709804" dump="1515589709804"/>
  <sessioninfo id="org.sonarlint.cli.config.ConfigurationReaderTest failServerWithoutUrl" start="1515589709805" dump="1515589709806"/>
  <sessioninfo id="" start="1515589709807" dump="1515589709808"/>
  <sessioninfo id="org.sonarlint.cli.OptionsTest testProperties" start="1515589709808" dump="1515589709814"/>
  <sessioninfo id="" start="1515589709814" dump="1515589709814"/>
  <sessioninfo id="org.sonarlint.cli.OptionsTest testGlobs" start="1515589709815" dump="1515589709815"/>
  <sessioninfo id="" start="1515589709816" dump="1515589709816"/>
  <sessioninfo id="org.sonarlint.cli.OptionsTest testStack" start="1515589709816" dump="1515589709817"/>
  <sessioninfo id="" start="1515589709818" dump="1515589709818"/>
  <sessioninfo id="org.sonarlint.cli.OptionsTest testHelp" start="1515589709818" dump="1515589709819"/>
  <sessioninfo id="" start="1515589709819" dump="1515589709819"/>
  <sessioninfo id="org.sonarlint.cli.OptionsTest testTask" start="1515589709820" dump="1515589709820"/>
  <sessioninfo id="" start="1515589709820" dump="1515589709821"/>
  <sessioninfo id="org.sonarlint.cli.OptionsTest testArgMissing" start="1515589709821" dump="1515589709821"/>
  <sessioninfo id="" start="1515589709822" dump="1515589709822"/>
  <sessioninfo id="org.sonarlint.cli.OptionsTest testVerbose" start="1515589709823" dump="1515589709823"/>
  <sessioninfo id="" start="1515589709824" dump="1515589709824"/>
  <sessioninfo id="org.sonarlint.cli.OptionsTest testVersion" start="1515589709825" dump="1515589709825"/>
  <sessioninfo id="" start="1515589709825" dump="1515589709825"/>
  <sessioninfo id="org.sonarlint.cli.OptionsTest testCharset" start="1515589709826" dump="1515589709826"/>
  <sessioninfo id="" start="1515589709827" dump="1515589709828"/>
  <sessioninfo id="org.sonarlint.cli.OptionsTest testInteractive" start="1515589709828" dump="1515589709828"/>
  <sessioninfo id="" start="1515589709829" dump="1515589709829"/>
  <sessioninfo id="org.sonarlint.cli.OptionsTest testCombinedOptions" start="1515589709830" dump="1515589709830"/>
  <sessioninfo id="" start="1515589709830" dump="1515589709830"/>
  <sessioninfo id="org.sonarlint.cli.OptionsTest testReport" start="1515589709831" dump="1515589709831"/>
  <sessioninfo id="" start="1515589709832" dump="1515589709832"/>
  <sessioninfo id="org.sonarlint.cli.OptionsTest testInvalidArg" start="1515589709832" dump="1515589709833"/>
  <sessioninfo id="" start="1515589709833" dump="1515589709833"/>
  <sessioninfo id="org.sonarlint.cli.OptionsTest testUpdate" start="1515589709834" dump="1515589709834"/>
  <sessioninfo id="" start="1515589709834" dump="1515589709835"/>
  <sessioninfo id="org.sonarlint.cli.analysis.IssueCollectorTest testCollector" start="1515589709836" dump="1515589709846"/>
  <sessioninfo id="" start="1515589709848" dump="1515589709850"/>
  <sessioninfo id="org.sonarlint.cli.InputFileFinderTest invalidTestPattern" start="1515589709851" dump="1515589709890"/>
  <sessioninfo id="" start="1515589709891" dump="1515589709891"/>
  <sessioninfo id="org.sonarlint.cli.InputFileFinderTest testOverlapping" start="1515589709892" dump="1515589709903"/>
  <sessioninfo id="" start="1515589709904" dump="1515589709904"/>
  <sessioninfo id="org.sonarlint.cli.InputFileFinderTest onlySrcByAbsolutePath" start="1515589709905" dump="1515589709907"/>
  <sessioninfo id="" start="1515589709907" dump="1515589709908"/>
  <sessioninfo id="org.sonarlint.cli.InputFileFinderTest onlyTestByAbsolutePath" start="1515589709908" dump="1515589709909"/>
  <sessioninfo id="" start="1515589709909" dump="1515589709910"/>
  <sessioninfo id="org.sonarlint.cli.InputFileFinderTest invalidSourcePattern" start="1515589709910" dump="1515589709913"/>
  <sessioninfo id="" start="1515589709914" dump="1515589709914"/>
  <sessioninfo id="org.sonarlint.cli.InputFileFinderTest onlySrcByRelativePath" start="1515589709914" dump="1515589709915"/>
  <sessioninfo id="" start="1515589709916" dump="1515589709916"/>
  <sessioninfo id="org.sonarlint.cli.InputFileFinderTest testExclusions" start="1515589709916" dump="1515589709917"/>
  <sessioninfo id="" start="1515589709918" dump="1515589709918"/>
  <sessioninfo id="org.sonarlint.cli.InputFileFinderTest onlyTestByRelativePath" start="1515589709918" dump="1515589709919"/>
  <sessioninfo id="" start="1515589709920" dump="1515589709920"/>
  <sessioninfo id="org.sonarlint.cli.InputFileFinderTest testCharset" start="1515589709921" dump="1515589709922"/>
  <sessioninfo id="" start="1515589709922" dump="1515589709922"/>
  <sessioninfo id="org.sonarlint.cli.InputFileFinderTest testIgnoreHidden" start="1515589709923" dump="1515589709924"/>
  <sessioninfo id="" start="1515589709924" dump="1515589709925"/>
  <sessioninfo id="org.sonarlint.cli.InputFileFinderTest testDisjoint" start="1515589709925" dump="1515589709926"/>
  <sessioninfo id="" start="1515589709926" dump="1515589709927"/>
  <sessioninfo id="org.sonarlint.cli.InputFileFinderTest testPatternAppliedToSourceFilesOnly" start="1515589709927" dump="1515589709929"/>
  <sessioninfo id="" start="1515589709929" dump="1515589709929"/>
  <sessioninfo id="org.sonarlint.cli.InputFileFinderTest testDefault" start="1515589709930" dump="1515589709931"/>
  <sessioninfo id="" start="1515589709931" dump="1515589709932"/>
  <sessioninfo id="org.sonarlint.cli.InputFileFinderTest invalidExclusionPattern" start="1515589709932" dump="1515589709933"/>
  <sessioninfo id="" start="1515589709933" dump="1515589709934"/>
  <sessioninfo id="org.sonarlint.cli.MainTest errorAnalysis" start="1515589709935" dump="1515589709995"/>
  <sessioninfo id="" start="1515589709998" dump="1515589709998"/>
  <sessioninfo id="org.sonarlint.cli.MainTest showStack" start="1515589709998" dump="1515589710023"/>
  <sessioninfo id="" start="1515589710024" dump="1515589710024"/>
  <sessioninfo id="org.sonarlint.cli.MainTest runInteractive" start="1515589710025" dump="1515589710078"/>
  <sessioninfo id="" start="1515589710079" dump="1515589710080"/>
  <sessioninfo id="org.sonarlint.cli.MainTest testMain" start="1515589710080" dump="1515589710092"/>
  <sessioninfo id="" start="1515589710093" dump="1515589710093"/>
  <sessioninfo id="org.sonarlint.cli.MainTest errorParsing" start="1515589710094" dump="1515589710099"/>
  <sessioninfo id="" start="1515589710101" dump="1515589710102"/>
  <sessioninfo id="org.sonarlint.cli.MainTest exitOnHelp" start="1515589710102" dump="1515589710103"/>
  <sessioninfo id="" start="1515589710105" dump="1515589710105"/>
  <sessioninfo id="org.sonarlint.cli.MainTest noPlugins" start="1515589710105" dump="1515589710125"/>
  <sessioninfo id="" start="1515589710126" dump="1515589710127"/>
  <sessioninfo id="org.sonarlint.cli.MainTest errorStop" start="1515589710127" dump="1515589710141"/>
  <sessioninfo id="" start="1515589710143" dump="1515589710143"/>
  <sessioninfo id="org.sonarlint.cli.MainTest verbose" start="1515589710143" dump="1515589710162"/>
  <sessioninfo id="" start="1515589710163" dump="1515589710163"/>
  <sessioninfo id="org.sonarlint.cli.MainTest invalidCharset" start="1515589710164" dump="1515589710170"/>
  <sessioninfo id="" start="1515589710171" dump="1515589710171"/>
  <sessioninfo id="org.sonarlint.cli.MainTest exitOnVersion" start="1515589710171" dump="1515589710172"/>
  <sessioninfo id="" start="1515589710174" dump="1515589710174"/>
  <sessioninfo id="org.sonarlint.cli.MainTest errorStart" start="1515589710174" dump="1515589710185"/>
  <sessioninfo id="" start="1515589710186" dump="1515589710187"/>
  <sessioninfo id="org.sonarlint.cli.analysis.SonarLintFactoryTest failIfUpdateAndStandalone" start="1515589710188" dump="1515589710202"/>
  <sessioninfo id="" start="1515589710203" dump="1515589710204"/>
  <sessioninfo id="org.sonarlint.cli.analysis.SonarLintFactoryTest loadPlugins" start="1515589710204" dump="1515589710211"/>
  <sessioninfo id="" start="1515589710212" dump="1515589710212"/>
  <sessioninfo id="org.sonarlint.cli.analysis.SonarLintFactoryTest test_createSonarLint_with_default_global_config" start="1515589710213" dump="1515589710571"/>
  <sessioninfo id="" start="1515589710575" dump="1515589710575"/>
  <sessioninfo id="org.sonarlint.cli.analysis.SonarLintFactoryTest errorLoadingPlugins" start="1515589710575" dump="1515589710576"/>
  <sessioninfo id="" start="1515589710577" dump="1515589710577"/>
  <sessioninfo id="org.sonarlint.cli.analysis.SonarLintFactoryTest failIfNoGlobalConfig" start="1515589710578" dump="1515589710582"/>
  <sessioninfo id="" start="1515589710583" dump="1515589710584"/>
  <sessioninfo id="org.sonarlint.cli.analysis.SonarLintFactoryTest testCreateConnectedWithoutExplicitServer" start="1515589710584" dump="1515589710648"/>
  <sessioninfo id="" start="1515589710652" dump="1515589710652"/>
  <sessioninfo id="org.sonarlint.cli.analysis.SonarLintFactoryTest test_createSonarLint_with_custom_global_config" start="1515589710652" dump="1515589710659"/>
  <sessioninfo id="" start="1515589710662" dump="1515589710662"/>
  <sessioninfo id="org.sonarlint.cli.analysis.SonarLintFactoryTest failIfServerNotFound" start="1515589710663" dump="1515589710669"/>
  <sessioninfo id="" start="1515589710670" dump="1515589710670"/>
  <sessioninfo id="org.sonarlint.cli.analysis.SonarLintFactoryTest failIfSeveralServerOptions" start="1515589710671" dump="1515589710672"/>
  <sessioninfo id="" start="1515589710673" dump="1515589710673"/>
  <sessioninfo id="org.sonarlint.cli.analysis.SonarLintFactoryTest testCreateConnected" start="1515589710674" dump="1515589710680"/>
  <sessioninfo id="" start="1515589710683" dump="1515589710683"/>
  <sessioninfo id="org.sonarlint.cli.StatsTest shouldPrintStats" start="1515589710684" dump="1515589710714"/>
  <sessioninfo id="" start="1515589710715" dump="1515589710715"/>
  <sessioninfo id="org.sonarlint.cli.StatsTest shouldFormatTime" start="1515589710716" dump="1515589710716"/>
  <sessioninfo id="" start="1515589710717" dump="1515589710717"/>
  <sessioninfo id="org.sonarlint.cli.util.SystemInfoTest test_os" start="1515589710718" dump="1515589710728"/>
  <sessioninfo id="" start="1515589710730" dump="1515589710730"/>
  <sessioninfo id="org.sonarlint.cli.util.SystemInfoTest test_java" start="1515589710730" dump="1515589710731"/>
  <sessioninfo id="" start="1515589710732" dump="1515589710732"/>
  <sessioninfo id="org.sonarlint.cli.util.SystemInfoTest should_print" start="1515589710733" dump="1515589710736"/>
  <sessioninfo id="" start="1515589710739" dump="1515589710740"/>
  <sessioninfo id="org.sonarlint.cli.report.ReportFactoryTest defaultReportFile" start="1515589710741" dump="1515589710741"/>
  <sessioninfo id="" start="1515589710742" dump="1515589710742"/>
  <sessioninfo id="org.sonarlint.cli.report.ReportFactoryTest test" start="1515589710743" dump="1515589710743"/>
  <sessioninfo id="" start="1515589710744" dump="1515589710744"/>
  <sessioninfo id="org.sonarlint.cli.report.ReportFactoryTest customReportFile" start="1515589710745" dump="1515589710745"/>
  <sessioninfo id="" start="1515589710745" dump="1515589710746"/>
  <sessioninfo id="org.sonarlint.cli.report.HtmlReportTest testHtml" start="1515589710746" dump="1515589711037"/>
  <sessioninfo id="" start="1515589711043" dump="1515589711043"/>
  <sessioninfo id="org.sonarlint.cli.report.HtmlReportTest testCopyRuleDesc" start="1515589711044" dump="1515589711113"/>
  <sessioninfo id="" start="1515589711118" dump="1515589711118"/>
  <sessioninfo id="org.sonarlint.cli.report.HtmlReportTest testExtendedDesc" start="1515589711119" dump="1515589711135"/>
  <sessioninfo id="" start="1515589711139" dump="1515589711140"/>
  <sessioninfo id="org.sonarlint.cli.report.IssueVariationTest incNew" start="1515589711141" dump="1515589711141"/>
  <sessioninfo id="" start="1515589711142" dump="1515589711142"/>
  <sessioninfo id="org.sonarlint.cli.report.IssueVariationTest incCurrent" start="1515589711142" dump="1515589711143"/>
  <sessioninfo id="" start="1515589711143" dump="1515589711144"/>
  <sessioninfo id="org.sonarlint.cli.report.IssueVariationTest defaultZero" start="1515589711144" dump="1515589711144"/>
  <sessioninfo id="" start="1515589711145" dump="1515589711145"/>
  <sessioninfo id="org.sonarlint.cli.report.IssueVariationTest incResolved" start="1515589711145" dump="1515589711146"/>
  <sessioninfo id="" start="1515589711146" dump="1515589711147"/>
  <sessioninfo id="org.sonarlint.cli.analysis.StandaloneSonarLintTest startStop" start="1515589711147" dump="1515589711155"/>
  <sessioninfo id="" start="1515589711159" dump="1515589711159"/>
  <sessioninfo id="org.sonarlint.cli.analysis.StandaloneSonarLintTest run" start="1515589711160" dump="1515589711284"/>
  <sessioninfo id="" start="1515589711291" dump="1515589711292"/>
  <sessioninfo id="org.sonarlint.cli.analysis.StandaloneSonarLintTest runWithoutFiles" start="1515589711292" dump="1515589711298"/>
  <sessioninfo id="" start="1515589711301" dump="1515589711302"/>
  <sessioninfo id="org.sonarlint.cli.report.CategoryReportTest testGetters" start="1515589711302" dump="1515589711305"/>
  <sessioninfo id="" start="1515589711307" dump="1515589711307"/>
  <sessioninfo id="org.sonarlint.cli.util.UtilTest testEscapeFileName" start="1515589711308" dump="1515589711308"/>
  <sessioninfo id="" start="1515589711309" dump="1515589711309"/>
  <sessioninfo id="org.sonarlint.cli.report.IssueCategoryTest getters" start="1515589711310" dump="1515589711310"/>
  <sessioninfo id="" start="1515589711311" dump="1515589711311"/>
  <sessioninfo id="org.sonarlint.cli.report.ResourceReportTest testName" start="1515589711312" dump="1515589711312"/>
  <sessioninfo id="" start="1515589711313" dump="1515589711313"/>
  <sessioninfo id="org.sonarlint.cli.report.ResourceReportTest testType" start="1515589711314" dump="1515589711314"/>
  <sessioninfo id="" start="1515589711315" dump="1515589711315"/>
  <sessioninfo id="org.sonarlint.cli.report.ResourceReportTest lineIssues" start="1515589711315" dump="1515589711321"/>
  <sessioninfo id="" start="1515589711323" dump="1515589711323"/>
  <sessioninfo id="org.sonarlint.cli.report.ResourceReportTest testCategoryReport" start="1515589711323" dump="1515589711326"/>
  <sessioninfo id="" start="1515589711327" dump="1515589711327"/>
  <sessioninfo id="org.sonarlint.cli.report.ResourceReportTest testIssuesLines" start="1515589711328" dump="1515589711329"/>
  <sessioninfo id="" start="1515589711331" dump="1515589711331"/>
  <sessioninfo id="org.sonarlint.cli.report.IssuesReportTest should_decorate_precise_location" start="1515589711332" dump="1515589711340"/>
  <sessioninfo id="" start="1515589711341" dump="1515589711342"/>
  <sessioninfo id="org.sonarlint.cli.report.IssuesReportTest getEscapedSource_should_throw_on_unreadable_file" start="1515589711342" dump="1515589711343"/>
  <sessioninfo id="" start="1515589711343" dump="1515589711343"/>
  <sessioninfo id="org.sonarlint.cli.report.IssuesReportTest should_find_added_issue" start="1515589711344" dump="1515589711346"/>
  <sessioninfo id="" start="1515589711347" dump="1515589711347"/>
  <sessioninfo id="org.sonarlint.cli.report.IssuesReportTest test_round_trip" start="1515589711348" dump="1515589711353"/>
  <sessioninfo id="" start="1515589711353" dump="1515589711354"/>
  <sessioninfo id="org.sonarlint.cli.report.IssuesReportTest should_return_empty_escaped_source_for_nonexistent_file" start="1515589711354" dump="1515589711354"/>
  <sessioninfo id="" start="1515589711355" dump="1515589711355"/>
  <sessioninfo id="org.sonarlint.cli.report.IssuesReportTest should_be_able_to_create_issue_without_file" start="1515589711356" dump="1515589711357"/>
  <sessioninfo id="" start="1515589711358" dump="1515589711358"/>
  <sessioninfo id="org.sonarlint.cli.report.IssuesReportTest getEscapedSource_should_throw_if_file_has_no_associated_report" start="1515589711358" dump="1515589711359"/>
  <sessioninfo id="" start="1515589711359" dump="1515589711360"/>
  <sessioninfo id="org.sonarlint.cli.report.IssuesReportTest should_decorate_full_line_when_no_precise_location" start="1515589711360" dump="1515589711364"/>
  <sessioninfo id="" start="1515589711365" dump="1515589711365"/>
  <sessioninfo id="org.sonarlint.cli.report.IssuesReportTest should_return_empty_escaped_source_for_null_path" start="1515589711366" dump="1515589711366"/>
  <sessioninfo id="" start="1515589711367" dump="1515589711369"/>
  <sessioninfo id="org.sonarlint.cli.util.MutableIntTest equals" start="1515589711369" dump="1515589711369"/>
  <sessioninfo id="" start="1515589711370" dump="1515589711370"/>
  <sessioninfo id="org.sonarlint.cli.util.MutableIntTest inc" start="1515589711371" dump="1515589711371"/>
  <sessioninfo id="" start="1515589711371" dump="1515589711371"/>
  <sessioninfo id="org.sonarlint.cli.util.MutableIntTest set" start="1515589711372" dump="1515589711372"/>
  <sessioninfo id="" start="1515589711372" dump="1515589711373"/>
  <sessioninfo id="org.sonarlint.cli.report.ReportSummaryTest test" start="1515589711373" dump="1515589711375"/>
  <sessioninfo id="" start="1515589711376" dump="1515589711377"/>
  <sessioninfo id="org.sonarlint.cli.report.ConsoleReportTest testReportNoFilesAnalyzed" start="1515589711378" dump="1515589711379"/>
  <sessioninfo id="" start="1515589711380" dump="1515589711381"/>
  <sessioninfo id="org.sonarlint.cli.report.ConsoleReportTest testLog" start="1515589711381" dump="1515589711383"/>
  <sessioninfo id="" start="1515589711385" dump="1515589711385"/>
  <sessioninfo id="org.sonarlint.cli.report.ConsoleReportTest testInvalidSeverity" start="1515589711385" dump="1515589711387"/>
  <sessioninfo id="" start="1515589711388" dump="1515589711388"/>
  <sessioninfo id="org.sonarlint.cli.report.ConsoleReportTest testReportMultipleFiles" start="1515589711388" dump="1515589711389"/>
  <sessioninfo id="" start="1515589711390" dump="1515589711390"/>
  <sessioninfo id="org.sonarlint.cli.report.ConsoleReportTest testReportWithoutIssues" start="1515589711391" dump="1515589711392"/>
  <sessioninfo id="" start="1515589711393" dump="1515589711395"/>
  <sessioninfo id="org.sonarlint.cli.util.System2Test testProxy" start="1515589711395" dump="1515589711398"/>
  <sessioninfo id="" start="1515589711398" dump="1515589711399"/>
  <sessioninfo id="org.sonarlint.cli.analysis.ConnectedSonarLintTest testUpdateNotNeeded" start="1515589711400" dump="1515589711413"/>
  <sessioninfo id="" start="1515589711415" dump="1515589711415"/>
  <sessioninfo id="org.sonarlint.cli.analysis.ConnectedSonarLintTest test_getRuleDetails" start="1515589711415" dump="1515589711416"/>
  <sessioninfo id="" start="1515589711417" dump="1515589711417"/>
  <sessioninfo id="org.sonarlint.cli.analysis.ConnectedSonarLintTest should_use_token_authentication_when_available" start="1515589711418" dump="1515589711420"/>
  <sessioninfo id="" start="1515589711422" dump="1515589711422"/>
  <sessioninfo id="org.sonarlint.cli.analysis.ConnectedSonarLintTest testStop" start="1515589711423" dump="1515589711423"/>
  <sessioninfo id="" start="1515589711424" dump="1515589711425"/>
  <sessioninfo id="org.sonarlint.cli.analysis.ConnectedSonarLintTest getRelativePath_should_return_null_when_clientInputFile_is_null" start="1515589711425" dump="1515589711426"/>
  <sessioninfo id="" start="1515589711427" dump="1515589711427"/>
  <sessioninfo id="org.sonarlint.cli.analysis.ConnectedSonarLintTest testForceUpdate" start="1515589711428" dump="1515589711429"/>
  <sessioninfo id="" start="1515589711430" dump="1515589711430"/>
  <sessioninfo id="org.sonarlint.cli.analysis.ConnectedSonarLintTest testModuleDoesntExist" start="1515589711431" dump="1515589711431"/>
  <sessioninfo id="" start="1515589711433" dump="1515589711433"/>
  <sessioninfo id="org.sonarlint.cli.analysis.ConnectedSonarLintTest testStaleUpdate" start="1515589711433" dump="1515589711434"/>
  <sessioninfo id="" start="1515589711435" dump="1515589711436"/>
  <sessioninfo id="org.sonarlint.cli.analysis.ConnectedSonarLintTest should_create_reports_for_empty_analysis" start="1515589711436" dump="1515589711447"/>
  <sessioninfo id="" start="1515589711448" dump="1515589711448"/>
  <sessioninfo id="org.sonarlint.cli.analysis.ConnectedSonarLintTest should_hide_resolved_server_issues" start="1515589711449" dump="1515589711467"/>
  <sessioninfo id="" start="1515589711469" dump="1515589711470"/>
  <sessioninfo id="org.sonarlint.cli.analysis.ConnectedSonarLintTest should_use_login_and_password_when_token_null" start="1515589711470" dump="1515589711471"/>
  <sessioninfo id="" start="1515589711472" dump="1515589711472"/>
  <sessioninfo id="org.sonarlint.cli.analysis.ConnectedSonarLintTest test_getRelativePath" start="1515589711473" dump="1515589711474"/>
  <sessioninfo id="" start="1515589711475" dump="1515589711475"/>
  <sessioninfo id="org.sonarlint.cli.analysis.ConnectedSonarLintTest should_get_creation_date_from_matched_server_issue" start="1515589711475" dump="1515589711483"/>
  <sessioninfo id="" start="1515589711485" dump="1515589711485"/>
  <sessioninfo id="org.sonarlint.cli.analysis.ConnectedSonarLintTest testModuleDoesntExistInUpdate" start="1515589711486" dump="1515589711486"/>
  <sessioninfo id="" start="1515589711487" dump="1515589711488"/>
  <sessioninfo id="org.sonarlint.cli.analysis.ConnectedSonarLintTest testNoUpdate" start="1515589711488" dump="1515589711489"/>
  <sessioninfo id="" start="1515589711490" dump="1515589711490"/>
  <sessioninfo id="org.sonarlint.cli.analysis.ConnectedSonarLintTest testModuleUpdateOnly" start="1515589711491" dump="1515589711492"/>
  <sessioninfo id="" start="1515589711493" dump="1515589711493"/>
  <sessioninfo id="org.sonarlint.cli.analysis.ConnectedSonarLintTest should_not_match_server_issues_when_there_are_none" start="1515589711494" dump="1515589711495"/>
  <sessioninfo id="" start="1515589711496" dump="1515589711496"/>
  <sessioninfo id="org.sonarlint.cli.analysis.ConnectedSonarLintTest testModuleStorageUpdateNeeded" start="1515589711497" dump="1515589711498"/>
  <sessioninfo id="org.sonarlint.cli.analysis.ConnectedSonarLintTest testModuleStorageUpdateNeeded" start="1515589711499" dump="1515589711501"/>
  <sessioninfo id="" start="1515589732008" dump="1515589732535"/>
  <sessioninfo id="org.sonarlint.cli.util.MutableIntTest equals" start="1515589732537" dump="1515589732621"/>
  <sessioninfo id="" start="1515589732622" dump="1515589732622"/>
  <sessioninfo id="org.sonarlint.cli.util.MutableIntTest inc" start="1515589732622" dump="1515589732626"/>
  <sessioninfo id="" start="1515589732626" dump="1515589732626"/>
  <sessioninfo id="org.sonarlint.cli.util.MutableIntTest set" start="1515589732627" dump="1515589732627"/>
  <sessioninfo id="" start="1515589732627" dump="1515589732637"/>
  <sessioninfo id="org.sonarlint.cli.util.SystemInfoTest test_os" start="1515589732638" dump="1515589732825"/>
  <sessioninfo id="" start="1515589732828" dump="1515589732828"/>
  <sessioninfo id="org.sonarlint.cli.util.SystemInfoTest test_java" start="1515589732828" dump="1515589732830"/>
  <sessioninfo id="" start="1515589732831" dump="1515589732831"/>
  <sessioninfo id="org.sonarlint.cli.util.SystemInfoTest should_print" start="1515589732832" dump="1515589732843"/>
  <sessioninfo id="" start="1515589732844" dump="1515589732845"/>
  <sessioninfo id="org.sonarlint.cli.util.System2Test testProxy" start="1515589732845" dump="1515589732855"/>
  <sessioninfo id="" start="1515589732855" dump="1515589732859"/>
  <sessioninfo id="org.sonarlint.cli.analysis.StandaloneSonarLintTest startStop" start="1515589732860" dump="1515589733377"/>
  <sessioninfo id="" start="1515589733382" dump="1515589733382"/>
  <sessioninfo id="org.sonarlint.cli.analysis.StandaloneSonarLintTest run" start="1515589733383" dump="1515589733855"/>
  <sessioninfo id="" start="1515589733864" dump="1515589733864"/>
  <sessioninfo id="org.sonarlint.cli.analysis.StandaloneSonarLintTest runWithoutFiles" start="1515589733865" dump="1515589733871"/>
  <sessioninfo id="" start="1515589733875" dump="1515589733875"/>
  <sessioninfo id="org.sonarlint.cli.report.IssueVariationTest incNew" start="1515589733877" dump="1515589733877"/>
  <sessioninfo id="" start="1515589733878" dump="1515589733878"/>
  <sessioninfo id="org.sonarlint.cli.report.IssueVariationTest incCurrent" start="1515589733879" dump="1515589733879"/>
  <sessioninfo id="" start="1515589733880" dump="1515589733880"/>
  <sessioninfo id="org.sonarlint.cli.report.IssueVariationTest defaultZero" start="1515589733881" dump="1515589733881"/>
  <sessioninfo id="" start="1515589733882" dump="1515589733882"/>
  <sessioninfo id="org.sonarlint.cli.report.IssueVariationTest incResolved" start="1515589733883" dump="1515589733883"/>
  <sessioninfo id="" start="1515589733883" dump="1515589733884"/>
  <sessioninfo id="org.sonarlint.cli.report.CategoryReportTest testGetters" start="1515589733885" dump="1515589733891"/>
  <sessioninfo id="" start="1515589733893" dump="1515589733893"/>
  <sessioninfo id="org.sonarlint.cli.InputFileFinderTest invalidTestPattern" start="1515589733896" dump="1515589733897"/>
  <sessioninfo id="" start="1515589733897" dump="1515589733898"/>
  <sessioninfo id="org.sonarlint.cli.InputFileFinderTest testOverlapping" start="1515589733898" dump="1515589733910"/>
  <sessioninfo id="" start="1515589733911" dump="1515589733911"/>
  <sessioninfo id="org.sonarlint.cli.InputFileFinderTest onlySrcByAbsolutePath" start="1515589733912" dump="1515589733912"/>
  <sessioninfo id="" start="1515589733913" dump="1515589733914"/>
  <sessioninfo id="org.sonarlint.cli.InputFileFinderTest onlyTestByAbsolutePath" start="1515589733914" dump="1515589733915"/>
  <sessioninfo id="" start="1515589733916" dump="1515589733916"/>
  <sessioninfo id="org.sonarlint.cli.InputFileFinderTest invalidSourcePattern" start="1515589733917" dump="1515589733917"/>
  <sessioninfo id="" start="1515589733918" dump="1515589733918"/>
  <sessioninfo id="org.sonarlint.cli.InputFileFinderTest onlySrcByRelativePath" start="1515589733919" dump="1515589733919"/>
  <sessioninfo id="" start="1515589733920" dump="1515589733921"/>
  <sessioninfo id="org.sonarlint.cli.InputFileFinderTest testExclusions" start="1515589733921" dump="1515589733922"/>
  <sessioninfo id="" start="1515589733923" dump="1515589733923"/>
  <sessioninfo id="org.sonarlint.cli.InputFileFinderTest onlyTestByRelativePath" start="1515589733923" dump="1515589733924"/>
  <sessioninfo id="" start="1515589733925" dump="1515589733925"/>
  <sessioninfo id="org.sonarlint.cli.InputFileFinderTest testCharset" start="1515589733926" dump="1515589733926"/>
  <sessioninfo id="" start="1515589733927" dump="1515589733927"/>
  <sessioninfo id="org.sonarlint.cli.InputFileFinderTest testIgnoreHidden" start="1515589733928" dump="1515589733929"/>
  <sessioninfo id="" start="1515589733930" dump="1515589733930"/>
  <sessioninfo id="org.sonarlint.cli.InputFileFinderTest testDisjoint" start="1515589733930" dump="1515589733931"/>
  <sessioninfo id="" start="1515589733932" dump="1515589733932"/>
  <sessioninfo id="org.sonarlint.cli.InputFileFinderTest testPatternAppliedToSourceFilesOnly" start="1515589733933" dump="1515589733934"/>
  <sessioninfo id="" start="1515589733935" dump="1515589733935"/>
  <sessioninfo id="org.sonarlint.cli.InputFileFinderTest testDefault" start="1515589733936" dump="1515589733937"/>
  <sessioninfo id="" start="1515589733937" dump="1515589733938"/>
  <sessioninfo id="org.sonarlint.cli.InputFileFinderTest invalidExclusionPattern" start="1515589733938" dump="1515589733939"/>
  <sessioninfo id="" start="1515589733940" dump="1515589733940"/>
  <sessioninfo id="org.sonarlint.cli.util.UtilTest testEscapeFileName" start="1515589733941" dump="1515589733942"/>
  <sessioninfo id="" start="1515589733943" dump="1515589733944"/>
  <sessioninfo id="org.sonarlint.cli.analysis.SonarLintFactoryTest failIfUpdateAndStandalone" start="1515589733945" dump="1515589733956"/>
  <sessioninfo id="" start="1515589733958" dump="1515589733958"/>
  <sessioninfo id="org.sonarlint.cli.analysis.SonarLintFactoryTest loadPlugins" start="1515589733958" dump="1515589733981"/>
  <sessioninfo id="" start="1515589733983" dump="1515589733983"/>
  <sessioninfo id="org.sonarlint.cli.analysis.SonarLintFactoryTest test_createSonarLint_with_default_global_config" start="1515589733984" dump="1515589733993"/>
  <sessioninfo id="" start="1515589733996" dump="1515589733996"/>
  <sessioninfo id="org.sonarlint.cli.analysis.SonarLintFactoryTest errorLoadingPlugins" start="1515589733996" dump="1515589733997"/>
  <sessioninfo id="" start="1515589733998" dump="1515589733998"/>
  <sessioninfo id="org.sonarlint.cli.analysis.SonarLintFactoryTest failIfNoGlobalConfig" start="1515589733999" dump="1515589734002"/>
  <sessioninfo id="" start="1515589734005" dump="1515589734005"/>
  <sessioninfo id="org.sonarlint.cli.analysis.SonarLintFactoryTest testCreateConnectedWithoutExplicitServer" start="1515589734005" dump="1515589734054"/>
  <sessioninfo id="" start="1515589734057" dump="1515589734058"/>
  <sessioninfo id="org.sonarlint.cli.analysis.SonarLintFactoryTest test_createSonarLint_with_custom_global_config" start="1515589734058" dump="1515589734063"/>
  <sessioninfo id="" start="1515589734066" dump="1515589734066"/>
  <sessioninfo id="org.sonarlint.cli.analysis.SonarLintFactoryTest failIfServerNotFound" start="1515589734067" dump="1515589734071"/>
  <sessioninfo id="" start="1515589734073" dump="1515589734073"/>
  <sessioninfo id="org.sonarlint.cli.analysis.SonarLintFactoryTest failIfSeveralServerOptions" start="1515589734073" dump="1515589734075"/>
  <sessioninfo id="" start="1515589734077" dump="1515589734077"/>
  <sessioninfo id="org.sonarlint.cli.analysis.SonarLintFactoryTest testCreateConnected" start="1515589734077" dump="1515589734083"/>
  <sessioninfo id="" start="1515589734086" dump="1515589734087"/>
  <sessioninfo id="org.sonarlint.cli.report.IssuesReportTest should_decorate_precise_location" start="1515589734087" dump="1515589734131"/>
  <sessioninfo id="" start="1515589734138" dump="1515589734144"/>
  <sessioninfo id="org.sonarlint.cli.report.IssuesReportTest getEscapedSource_should_throw_on_unreadable_file" start="1515589734144" dump="1515589734145"/>
  <sessioninfo id="" start="1515589734145" dump="1515589734145"/>
  <sessioninfo id="org.sonarlint.cli.report.IssuesReportTest should_find_added_issue" start="1515589734146" dump="1515589734153"/>
  <sessioninfo id="" start="1515589734155" dump="1515589734155"/>
  <sessioninfo id="org.sonarlint.cli.report.IssuesReportTest test_round_trip" start="1515589734156" dump="1515589734220"/>
  <sessioninfo id="" start="1515589734221" dump="1515589734221"/>
  <sessioninfo id="org.sonarlint.cli.report.IssuesReportTest should_return_empty_escaped_source_for_nonexistent_file" start="1515589734222" dump="1515589734222"/>
  <sessioninfo id="" start="1515589734223" dump="1515589734224"/>
  <sessioninfo id="org.sonarlint.cli.report.IssuesReportTest should_be_able_to_create_issue_without_file" start="1515589734225" dump="1515589734227"/>
  <sessioninfo id="" start="1515589734228" dump="1515589734229"/>
  <sessioninfo id="org.sonarlint.cli.report.IssuesReportTest getEscapedSource_should_throw_if_file_has_no_associated_report" start="1515589734229" dump="1515589734232"/>
  <sessioninfo id="" start="1515589734233" dump="1515589734233"/>
  <sessioninfo id="org.sonarlint.cli.report.IssuesReportTest should_decorate_full_line_when_no_precise_location" start="1515589734234" dump="1515589734243"/>
  <sessioninfo id="" start="1515589734244" dump="1515589734244"/>
  <sessioninfo id="org.sonarlint.cli.report.IssuesReportTest should_return_empty_escaped_source_for_null_path" start="1515589734245" dump="1515589734245"/>
  <sessioninfo id="" start="1515589734246" dump="1515589734246"/>
  <sessioninfo id="org.sonarlint.cli.report.ReportSummaryTest test" start="1515589734247" dump="1515589734261"/>
  <sessioninfo id="" start="1515589734263" dump="1515589734264"/>
  <sessioninfo id="org.sonarlint.cli.analysis.ConnectedSonarLintTest testUpdateNotNeeded" start="1515589734265" dump="1515589734291"/>
  <sessioninfo id="" start="1515589734293" dump="1515589734293"/>
  <sessioninfo id="org.sonarlint.cli.analysis.ConnectedSonarLintTest test_getRuleDetails" start="1515589734294" dump="1515589734298"/>
  <sessioninfo id="" start="1515589734300" dump="1515589734300"/>
  <sessioninfo id="org.sonarlint.cli.analysis.ConnectedSonarLintTest should_use_token_authentication_when_available" start="1515589734301" dump="1515589734304"/>
  <sessioninfo id="" start="1515589734305" dump="1515589734305"/>
  <sessioninfo id="org.sonarlint.cli.analysis.ConnectedSonarLintTest testStop" start="1515589734306" dump="1515589734306"/>
  <sessioninfo id="" start="1515589734308" dump="1515589734308"/>
  <sessioninfo id="org.sonarlint.cli.analysis.ConnectedSonarLintTest getRelativePath_should_return_null_when_clientInputFile_is_null" start="1515589734308" dump="1515589734309"/>
  <sessioninfo id="" start="1515589734310" dump="1515589734310"/>
  <sessioninfo id="org.sonarlint.cli.analysis.ConnectedSonarLintTest testForceUpdate" start="1515589734311" dump="1515589734312"/>
  <sessioninfo id="" start="1515589734313" dump="1515589734314"/>
  <sessioninfo id="org.sonarlint.cli.analysis.ConnectedSonarLintTest testModuleDoesntExist" start="1515589734314" dump="1515589734316"/>
  <sessioninfo id="" start="1515589734317" dump="1515589734317"/>
  <sessioninfo id="org.sonarlint.cli.analysis.ConnectedSonarLintTest testStaleUpdate" start="1515589734318" dump="1515589734319"/>
  <sessioninfo id="" start="1515589734320" dump="1515589734320"/>
  <sessioninfo id="org.sonarlint.cli.analysis.ConnectedSonarLintTest should_create_reports_for_empty_analysis" start="1515589734321" dump="1515589734335"/>
  <sessioninfo id="" start="1515589734337" dump="1515589734338"/>
  <sessioninfo id="org.sonarlint.cli.analysis.ConnectedSonarLintTest should_hide_resolved_server_issues" start="1515589734338" dump="1515589734361"/>
  <sessioninfo id="" start="1515589734363" dump="1515589734363"/>
  <sessioninfo id="org.sonarlint.cli.analysis.ConnectedSonarLintTest should_use_login_and_password_when_token_null" start="1515589734364" dump="1515589734366"/>
  <sessioninfo id="" start="1515589734367" dump="1515589734367"/>
  <sessioninfo id="org.sonarlint.cli.analysis.ConnectedSonarLintTest test_getRelativePath" start="1515589734368" dump="1515589734369"/>
  <sessioninfo id="" start="1515589734370" dump="1515589734370"/>
  <sessioninfo id="org.sonarlint.cli.analysis.ConnectedSonarLintTest should_get_creation_date_from_matched_server_issue" start="1515589734371" dump="1515589734380"/>
  <sessioninfo id="" start="1515589734382" dump="1515589734383"/>
  <sessioninfo id="org.sonarlint.cli.analysis.ConnectedSonarLintTest testModuleDoesntExistInUpdate" start="1515589734383" dump="1515589734384"/>
  <sessioninfo id="" start="1515589734385" dump="1515589734386"/>
  <sessioninfo id="org.sonarlint.cli.analysis.ConnectedSonarLintTest testNoUpdate" start="1515589734386" dump="1515589734387"/>
  <sessioninfo id="" start="1515589734388" dump="1515589734389"/>
  <sessioninfo id="org.sonarlint.cli.analysis.ConnectedSonarLintTest testModuleUpdateOnly" start="1515589734389" dump="1515589734390"/>
  <sessioninfo id="" start="1515589734392" dump="1515589734392"/>
  <sessioninfo id="org.sonarlint.cli.analysis.ConnectedSonarLintTest should_not_match_server_issues_when_there_are_none" start="1515589734393" dump="1515589734394"/>
  <sessioninfo id="" start="1515589734396" dump="1515589734396"/>
  <sessioninfo id="org.sonarlint.cli.analysis.ConnectedSonarLintTest testModuleStorageUpdateNeeded" start="1515589734396" dump="1515589734398"/>
  <sessioninfo id="" start="1515589734400" dump="1515589734400"/>
  <sessioninfo id="org.sonarlint.cli.report.ConsoleReportTest testReportNoFilesAnalyzed" start="1515589734401" dump="1515589734404"/>
  <sessioninfo id="" start="1515589734406" dump="1515589734406"/>
  <sessioninfo id="org.sonarlint.cli.report.ConsoleReportTest testLog" start="1515589734407" dump="1515589734409"/>
  <sessioninfo id="" start="1515589734410" dump="1515589734410"/>
  <sessioninfo id="org.sonarlint.cli.report.ConsoleReportTest testInvalidSeverity" start="1515589734411" dump="1515589734412"/>
  <sessioninfo id="" start="1515589734413" dump="1515589734413"/>
  <sessioninfo id="org.sonarlint.cli.report.ConsoleReportTest testReportMultipleFiles" start="1515589734414" dump="1515589734416"/>
  <sessioninfo id="" start="1515589734417" dump="1515589734417"/>
  <sessioninfo id="org.sonarlint.cli.report.ConsoleReportTest testReportWithoutIssues" start="1515589734418" dump="1515589734418"/>
  <sessioninfo id="" start="1515589734420" dump="1515589734420"/>
  <sessioninfo id="org.sonarlint.cli.report.HtmlReportTest testHtml" start="1515589734421" dump="1515589734442"/>
  <sessioninfo id="" start="1515589734446" dump="1515589734446"/>
  <sessioninfo id="org.sonarlint.cli.report.HtmlReportTest testCopyRuleDesc" start="1515589734446" dump="1515589734496"/>
  <sessioninfo id="" start="1515589734500" dump="1515589734500"/>
  <sessioninfo id="org.sonarlint.cli.report.HtmlReportTest testExtendedDesc" start="1515589734501" dump="1515589734519"/>
  <sessioninfo id="" start="1515589734523" dump="1515589734523"/>
  <sessioninfo id="org.sonarlint.cli.util.LoggerTest testDebug" start="1515589734524" dump="1515589734546"/>
  <sessioninfo id="" start="1515589734548" dump="1515589734548"/>
  <sessioninfo id="org.sonarlint.cli.util.LoggerTest testError" start="1515589734549" dump="1515589734550"/>
  <sessioninfo id="" start="1515589734551" dump="1515589734552"/>
  <sessioninfo id="org.sonarlint.cli.util.LoggerTest testInfo" start="1515589734552" dump="1515589734553"/>
  <sessioninfo id="" start="1515589734554" dump="1515589734554"/>
  <sessioninfo id="org.sonarlint.cli.util.LoggerTest testDebugThrowableWithoutStack" start="1515589734555" dump="1515589734561"/>
  <sessioninfo id="" start="1515589734564" dump="1515589734564"/>
  <sessioninfo id="org.sonarlint.cli.util.LoggerTest testDebugThrowableWithStack" start="1515589734564" dump="1515589734565"/>
  <sessioninfo id="" start="1515589734566" dump="1515589734567"/>
  <sessioninfo id="org.sonarlint.cli.StatsTest shouldPrintStats" start="1515589734568" dump="1515589734611"/>
  <sessioninfo id="" start="1515589734613" dump="1515589734613"/>
  <sessioninfo id="org.sonarlint.cli.StatsTest shouldFormatTime" start="1515589734614" dump="1515589734615"/>
  <sessioninfo id="" start="1515589734615" dump="1515589734616"/>
  <sessioninfo id="org.sonarlint.cli.config.ConfigurationReaderTest readEmptyFileProject" start="1515589734617" dump="1515589734672"/>
  <sessioninfo id="" start="1515589734674" dump="1515589734674"/>
  <sessioninfo id="org.sonarlint.cli.config.ConfigurationReaderTest readInvalidJsonProject" start="1515589734674" dump="1515589734677"/>
  <sessioninfo id="" start="1515589734678" dump="1515589734678"/>
  <sessioninfo id="org.sonarlint.cli.config.ConfigurationReaderTest readProjectConfig" start="1515589734679" dump="1515589734679"/>
  <sessioninfo id="" start="1515589734681" dump="1515589734681"/>
  <sessioninfo id="org.sonarlint.cli.config.ConfigurationReaderTest readInvalidJsonGlobal" start="1515589734681" dump="1515589734684"/>
  <sessioninfo id="" start="1515589734685" dump="1515589734685"/>
  <sessioninfo id="org.sonarlint.cli.config.ConfigurationReaderTest failProjectWithoutBindingKey" start="1515589734685" dump="1515589734686"/>
  <sessioninfo id="" start="1515589734687" dump="1515589734687"/>
  <sessioninfo id="org.sonarlint.cli.config.ConfigurationReaderTest readEmptyFileGlobal" start="1515589734688" dump="1515589734688"/>
  <sessioninfo id="" start="1515589734689" dump="1515589734689"/>
  <sessioninfo id="org.sonarlint.cli.config.ConfigurationReaderTest readGlobalConfig" start="1515589734690" dump="1515589734691"/>
  <sessioninfo id="" start="1515589734692" dump="1515589734692"/>
  <sessioninfo id="org.sonarlint.cli.config.ConfigurationReaderTest failWithRepeatedServers" start="1515589734693" dump="1515589734694"/>
  <sessioninfo id="" start="1515589734695" dump="1515589734695"/>
  <sessioninfo id="org.sonarlint.cli.config.ConfigurationReaderTest failServerWithoutUrl" start="1515589734695" dump="1515589734696"/>
  <sessioninfo id="" start="1515589734697" dump="1515589734698"/>
  <sessioninfo id="org.sonarlint.cli.report.ReportFactoryTest defaultReportFile" start="1515589734699" dump="1515589734699"/>
  <sessioninfo id="" start="1515589734699" dump="1515589734700"/>
  <sessioninfo id="org.sonarlint.cli.report.ReportFactoryTest test" start="1515589734700" dump="1515589734701"/>
  <sessioninfo id="" start="1515589734701" dump="1515589734701"/>
  <sessioninfo id="org.sonarlint.cli.report.ReportFactoryTest customReportFile" start="1515589734702" dump="1515589734702"/>
  <sessioninfo id="" start="1515589734703" dump="1515589734703"/>
  <sessioninfo id="org.sonarlint.cli.OptionsTest testProperties" start="1515589734704" dump="1515589734704"/>
  <sessioninfo id="" start="1515589734705" dump="1515589734705"/>
  <sessioninfo id="org.sonarlint.cli.OptionsTest testGlobs" start="1515589734706" dump="1515589734706"/>
  <sessioninfo id="" start="1515589734706" dump="1515589734706"/>
  <sessioninfo id="org.sonarlint.cli.OptionsTest testStack" start="1515589734707" dump="1515589734707"/>
  <sessioninfo id="" start="1515589734707" dump="1515589734708"/>
  <sessioninfo id="org.sonarlint.cli.OptionsTest testHelp" start="1515589734708" dump="1515589734708"/>
  <sessioninfo id="" start="1515589734709" dump="1515589734709"/>
  <sessioninfo id="org.sonarlint.cli.OptionsTest testTask" start="1515589734709" dump="1515589734709"/>
  <sessioninfo id="" start="1515589734710" dump="1515589734710"/>
  <sessioninfo id="org.sonarlint.cli.OptionsTest testArgMissing" start="1515589734710" dump="1515589734711"/>
  <sessioninfo id="" start="1515589734711" dump="1515589734711"/>
  <sessioninfo id="org.sonarlint.cli.OptionsTest testVerbose" start="1515589734712" dump="1515589734712"/>
  <sessioninfo id="" start="1515589734712" dump="1515589734713"/>
  <sessioninfo id="org.sonarlint.cli.OptionsTest testVersion" start="1515589734713" dump="1515589734713"/>
  <sessioninfo id="" start="1515589734714" dump="1515589734714"/>
  <sessioninfo id="org.sonarlint.cli.OptionsTest testCharset" start="1515589734714" dump="1515589734714"/>
  <sessioninfo id="" start="1515589734715" dump="1515589734715"/>
  <sessioninfo id="org.sonarlint.cli.OptionsTest testInteractive" start="1515589734715" dump="1515589734716"/>
  <sessioninfo id="" start="1515589734716" dump="1515589734716"/>
  <sessioninfo id="org.sonarlint.cli.OptionsTest testCombinedOptions" start="1515589734717" dump="1515589734717"/>
  <sessioninfo id="" start="1515589734717" dump="1515589734717"/>
  <sessioninfo id="org.sonarlint.cli.OptionsTest testReport" start="1515589734718" dump="1515589734718"/>
  <sessioninfo id="" start="1515589734718" dump="1515589734719"/>
  <sessioninfo id="org.sonarlint.cli.OptionsTest testInvalidArg" start="1515589734719" dump="1515589734719"/>
  <sessioninfo id="" start="1515589734720" dump="1515589734720"/>
  <sessioninfo id="org.sonarlint.cli.OptionsTest testUpdate" start="1515589734720" dump="1515589734720"/>
  <sessioninfo id="" start="1515589734721" dump="1515589734721"/>
  <sessioninfo id="org.sonarlint.cli.report.IssueCategoryTest getters" start="1515589734722" dump="1515589734722"/>
  <sessioninfo id="" start="1515589734722" dump="1515589734724"/>
  <sessioninfo id="org.sonarlint.cli.report.ResourceReportTest testName" start="1515589734724" dump="1515589734725"/>
  <sessioninfo id="" start="1515589734725" dump="1515589734725"/>
  <sessioninfo id="org.sonarlint.cli.report.ResourceReportTest testType" start="1515589734726" dump="1515589734726"/>
  <sessioninfo id="" start="1515589734727" dump="1515589734727"/>
  <sessioninfo id="org.sonarlint.cli.report.ResourceReportTest lineIssues" start="1515589734727" dump="1515589734728"/>
  <sessioninfo id="" start="1515589734729" dump="1515589734730"/>
  <sessioninfo id="org.sonarlint.cli.report.ResourceReportTest testCategoryReport" start="1515589734730" dump="1515589734732"/>
  <sessioninfo id="" start="1515589734733" dump="1515589734733"/>
  <sessioninfo id="org.sonarlint.cli.report.ResourceReportTest testIssuesLines" start="1515589734734" dump="1515589734735"/>
  <sessioninfo id="" start="1515589734736" dump="1515589734737"/>
  <sessioninfo id="org.sonarlint.cli.MainTest errorAnalysis" start="1515589734737" dump="1515589734794"/>
  <sessioninfo id="" start="1515589734796" dump="1515589734797"/>
  <sessioninfo id="org.sonarlint.cli.MainTest showStack" start="1515589734797" dump="1515589734820"/>
  <sessioninfo id="" start="1515589734822" dump="1515589734822"/>
  <sessioninfo id="org.sonarlint.cli.MainTest runInteractive" start="1515589734822" dump="1515589734864"/>
  <sessioninfo id="" start="1515589734866" dump="1515589734866"/>
  <sessioninfo id="org.sonarlint.cli.MainTest testMain" start="1515589734866" dump="1515589734885"/>
  <sessioninfo id="" start="1515589734887" dump="1515589734887"/>
  <sessioninfo id="org.sonarlint.cli.MainTest errorParsing" start="1515589734887" dump="1515589734888"/>
  <sessioninfo id="" start="1515589734890" dump="1515589734890"/>
  <sessioninfo id="org.sonarlint.cli.MainTest exitOnHelp" start="1515589734890" dump="1515589734891"/>
  <sessioninfo id="" start="1515589734893" dump="1515589734893"/>
  <sessioninfo id="org.sonarlint.cli.MainTest noPlugins" start="1515589734893" dump="1515589734909"/>
  <sessioninfo id="" start="1515589734910" dump="1515589734910"/>
  <sessioninfo id="org.sonarlint.cli.MainTest errorStop" start="1515589734911" dump="1515589734925"/>
  <sessioninfo id="" start="1515589734926" dump="1515589734927"/>
  <sessioninfo id="org.sonarlint.cli.MainTest verbose" start="1515589734927" dump="1515589734957"/>
  <sessioninfo id="" start="1515589734959" dump="1515589734959"/>
  <sessioninfo id="org.sonarlint.cli.MainTest invalidCharset" start="1515589734959" dump="1515589734964"/>
  <sessioninfo id="" start="1515589734966" dump="1515589734966"/>
  <sessioninfo id="org.sonarlint.cli.MainTest exitOnVersion" start="1515589734966" dump="1515589734967"/>
  <sessioninfo id="" start="1515589734968" dump="1515589734969"/>
  <sessioninfo id="org.sonarlint.cli.MainTest errorStart" start="1515589734969" dump="1515589734991"/>
  <sessioninfo id="" start="1515589734993" dump="1515589734993"/>
  <sessioninfo id="org.sonarlint.cli.analysis.IssueCollectorTest testCollector" start="1515589734994" dump="1515589734994"/>
  <sessioninfo id="org.sonarlint.cli.analysis.IssueCollectorTest testCollector" start="1515589734998" dump="1515589735016"/>
  <sessioninfo id="meneses-691cc40c" start="1515664622448" dump="1515664626476"/>
  <sessioninfo id="meneses-1452cdad" start="1515665083769" dump="1515665086075"/>
  <sessioninfo id="meneses-7946174a" start="1515665146223" dump="1515665148399"/>
  <sessioninfo id="meneses-c457c2fe" start="1515685144904" dump="1515685147293"/>
  <sessioninfo id="meneses-b2edc6c8" start="1515685965408" dump="1515685967959"/>
  <sessioninfo id="meneses-fbc45438" start="1515746826843" dump="1515746829213"/>
  <sessioninfo id="meneses-a733c3a5" start="1515750207093" dump="1515750209440"/>
  <sessioninfo id="meneses-b287747c" start="1515750865756" dump="1515750868002"/>
  <sessioninfo id="meneses-5ab9eed9" start="1515750917423" dump="1515750919736"/>
  <sessioninfo id="meneses-f4ca73b4" start="1515751864032" dump="1515751866615"/>
  <sessioninfo id="meneses-f94f7283" start="1515751905050" dump="1515751907521"/>
  <sessioninfo id="meneses-9832a96e" start="1516114659999" dump="1516114662472"/>
  <sessioninfo id="meneses-5f4760f9" start="1516115182722" dump="1516115185071"/>
  <sessioninfo id="meneses-23e570b" start="1532526942673" dump="1532526945154"/>
  <sessioninfo id="meneses-fe3094eb" start="1532526955661" dump="1532526958040"/>
  <sessioninfo id="meneses-7c4cf8bc" start="1532526996760" dump="1532526999317"/>
  <package name="org/sonarlint/cli">
    <class name="org/sonarlint/cli/InputFileFinder$DefaultClientInputFile">
      <method name="&lt;init&gt;" desc="(Ljava/nio/file/Path;ZLjava/nio/charset/Charset;)V" line="132">
        <counter type="INSTRUCTION" missed="0" covered="12"/>
        <counter type="LINE" missed="0" covered="5"/>
        <counter type="COMPLEXITY" missed="0" covered="1"/>
        <counter type="METHOD" missed="0" covered="1"/>
      </method>
      <method name="isTest" desc="()Z" line="140">
        <counter type="INSTRUCTION" missed="0" covered="3"/>
        <counter type="LINE" missed="0" covered="1"/>
        <counter type="COMPLEXITY" missed="0" covered="1"/>
        <counter type="METHOD" missed="0" covered="1"/>
      </method>
      <method name="getPath" desc="()Ljava/lang/String;" line="145">
        <counter type="INSTRUCTION" missed="0" covered="4"/>
        <counter type="LINE" missed="0" covered="1"/>
        <counter type="COMPLEXITY" missed="0" covered="1"/>
        <counter type="METHOD" missed="0" covered="1"/>
      </method>
      <method name="getCharset" desc="()Ljava/nio/charset/Charset;" line="150">
        <counter type="INSTRUCTION" missed="0" covered="3"/>
        <counter type="LINE" missed="0" covered="1"/>
        <counter type="COMPLEXITY" missed="0" covered="1"/>
        <counter type="METHOD" missed="0" covered="1"/>
      </method>
      <method name="getClientObject" desc="()Ljava/lang/Object;" line="155">
        <counter type="INSTRUCTION" missed="2" covered="0"/>
        <counter type="LINE" missed="1" covered="0"/>
        <counter type="COMPLEXITY" missed="1" covered="0"/>
        <counter type="METHOD" missed="1" covered="0"/>
      </method>
      <method name="inputStream" desc="()Ljava/io/InputStream;" line="160">
        <counter type="INSTRUCTION" missed="0" covered="6"/>
        <counter type="LINE" missed="0" covered="1"/>
        <counter type="COMPLEXITY" missed="0" covered="1"/>
        <counter type="METHOD" missed="0" covered="1"/>
      </method>
      <method name="contents" desc="()Ljava/lang/String;" line="165">
        <counter type="INSTRUCTION" missed="9" covered="0"/>
        <counter type="LINE" missed="1" covered="0"/>
        <counter type="COMPLEXITY" missed="1" covered="0"/>
        <counter type="METHOD" missed="1" covered="0"/>
      </method>
      <counter type="INSTRUCTION" missed="11" covered="28"/>
      <counter type="LINE" missed="2" covered="9"/>
      <counter type="COMPLEXITY" missed="2" covered="5"/>
      <counter type="METHOD" missed="2" covered="5"/>
      <counter type="CLASS" missed="0" covered="1"/>
    </class>
    <class name="org/sonarlint/cli/Main">
      <method name="&lt;init&gt;" desc="(Lorg/sonarlint/cli/Options;Lorg/sonarlint/cli/analysis/SonarLintFactory;Lorg/sonarlint/cli/report/ReportFactory;Lorg/sonarlint/cli/InputFileFinder;Ljava/nio/file/Path;)V" line="57">
        <counter type="INSTRUCTION" missed="0" covered="18"/>
        <counter type="LINE" missed="0" covered="7"/>
        <counter type="COMPLEXITY" missed="0" covered="1"/>
        <counter type="METHOD" missed="0" covered="1"/>
      </method>
      <method name="run" desc="()I" line="66">
        <counter type="INSTRUCTION" missed="0" covered="104"/>
        <counter type="BRANCH" missed="0" covered="8"/>
        <counter type="LINE" missed="0" covered="25"/>
        <counter type="COMPLEXITY" missed="0" covered="5"/>
        <counter type="METHOD" missed="0" covered="1"/>
      </method>
      <method name="getProjectHome" desc="(Lorg/sonarlint/cli/util/System2;)Ljava/nio/file/Path;" line="109">
        <counter type="INSTRUCTION" missed="5" covered="11"/>
        <counter type="BRANCH" missed="1" covered="1"/>
        <counter type="LINE" missed="1" covered="3"/>
        <counter type="COMPLEXITY" missed="1" covered="1"/>
        <counter type="METHOD" missed="0" covered="1"/>
      </method>
      <method name="runOnce" desc="(Lorg/sonarlint/cli/Stats;Lorg/sonarlint/cli/analysis/SonarLint;Ljava/util/Map;Ljava/nio/file/Path;)V" line="117">
        <counter type="INSTRUCTION" missed="0" covered="17"/>
        <counter type="LINE" missed="0" covered="5"/>
        <counter type="COMPLEXITY" missed="0" covered="1"/>
        <counter type="METHOD" missed="0" covered="1"/>
      </method>
      <method name="runInteractive" desc="(Lorg/sonarlint/cli/Stats;Lorg/sonarlint/cli/analysis/SonarLint;Ljava/util/Map;Ljava/nio/file/Path;)V" line="125">
        <counter type="INSTRUCTION" missed="0" covered="20"/>
        <counter type="BRANCH" missed="0" covered="2"/>
        <counter type="LINE" missed="0" covered="6"/>
        <counter type="COMPLEXITY" missed="0" covered="2"/>
        <counter type="METHOD" missed="0" covered="1"/>
      </method>
      <method name="waitForUser" desc="()Z" line="134">
        <counter type="INSTRUCTION" missed="10" covered="19"/>
        <counter type="BRANCH" missed="1" covered="3"/>
        <counter type="LINE" missed="1" covered="5"/>
        <counter type="COMPLEXITY" missed="1" covered="2"/>
        <counter type="METHOD" missed="0" covered="1"/>
      </method>
      <method name="setIn" desc="(Ljava/io/InputStream;)V" line="144">
        <counter type="INSTRUCTION" missed="0" covered="11"/>
        <counter type="LINE" missed="0" covered="2"/>
        <counter type="COMPLEXITY" missed="0" covered="1"/>
        <counter type="METHOD" missed="0" covered="1"/>
      </method>
      <method name="main" desc="([Ljava/lang/String;)V" line="148">
        <counter type="INSTRUCTION" missed="4" covered="0"/>
        <counter type="LINE" missed="2" covered="0"/>
        <counter type="COMPLEXITY" missed="1" covered="0"/>
        <counter type="METHOD" missed="1" covered="0"/>
      </method>
      <method name="execute" desc="([Ljava/lang/String;Lorg/sonarlint/cli/util/System2;)V" line="155">
        <counter type="INSTRUCTION" missed="5" covered="85"/>
        <counter type="BRANCH" missed="0" covered="2"/>
        <counter type="LINE" missed="1" covered="21"/>
        <counter type="COMPLEXITY" missed="0" covered="2"/>
        <counter type="METHOD" missed="0" covered="1"/>
      </method>
      <method name="displayExecutionResult" desc="(Lorg/sonarlint/cli/Stats;Ljava/lang/String;)V" line="187">
        <counter type="INSTRUCTION" missed="0" covered="25"/>
        <counter type="LINE" missed="0" covered="7"/>
        <counter type="COMPLEXITY" missed="0" covered="1"/>
        <counter type="METHOD" missed="0" covered="1"/>
      </method>
      <method name="showError" desc="(Ljava/lang/String;Ljava/lang/Throwable;ZZ)V" line="196">
        <counter type="INSTRUCTION" missed="0" covered="63"/>
        <counter type="BRANCH" missed="4" covered="8"/>
        <counter type="LINE" missed="0" covered="18"/>
        <counter type="COMPLEXITY" missed="4" covered="3"/>
        <counter type="METHOD" missed="0" covered="1"/>
      </method>
      <method name="suggestDebugMode" desc="()V" line="221">
        <counter type="INSTRUCTION" missed="0" covered="4"/>
        <counter type="LINE" missed="0" covered="2"/>
        <counter type="COMPLEXITY" missed="0" covered="1"/>
        <counter type="METHOD" missed="0" covered="1"/>
      </method>
      <method name="&lt;clinit&gt;" desc="()V" line="48">
        <counter type="INSTRUCTION" missed="0" covered="3"/>
        <counter type="LINE" missed="0" covered="1"/>
        <counter type="COMPLEXITY" missed="0" covered="1"/>
        <counter type="METHOD" missed="0" covered="1"/>
      </method>
      <counter type="INSTRUCTION" missed="24" covered="380"/>
      <counter type="BRANCH" missed="6" covered="24"/>
      <counter type="LINE" missed="5" covered="102"/>
      <counter type="COMPLEXITY" missed="7" covered="21"/>
      <counter type="METHOD" missed="1" covered="12"/>
      <counter type="CLASS" missed="0" covered="1"/>
    </class>
    <class name="org/sonarlint/cli/InputFileFinder">
      <method name="&lt;init&gt;" desc="(Ljava/lang/String;Ljava/lang/String;Ljava/lang/String;Ljava/nio/charset/Charset;)V" line="50">
        <counter type="INSTRUCTION" missed="0" covered="104"/>
        <counter type="BRANCH" missed="0" covered="6"/>
        <counter type="LINE" missed="0" covered="25"/>
        <counter type="COMPLEXITY" missed="0" covered="4"/>
        <counter type="METHOD" missed="0" covered="1"/>
      </method>
      <method name="collect" desc="(Ljava/nio/file/Path;)Ljava/util/List;" line="88">
        <counter type="INSTRUCTION" missed="0" covered="16"/>
        <counter type="LINE" missed="0" covered="3"/>
        <counter type="COMPLEXITY" missed="0" covered="1"/>
        <counter type="METHOD" missed="0" covered="1"/>
      </method>
      <method name="lambda$static$1" desc="(Ljava/nio/file/Path;)Z" line="48">
        <counter type="INSTRUCTION" missed="0" covered="2"/>
        <counter type="LINE" missed="0" covered="1"/>
        <counter type="COMPLEXITY" missed="0" covered="1"/>
        <counter type="METHOD" missed="0" covered="1"/>
      </method>
      <method name="lambda$static$0" desc="(Ljava/nio/file/Path;)Z" line="47">
        <counter type="INSTRUCTION" missed="0" covered="2"/>
        <counter type="LINE" missed="0" covered="1"/>
        <counter type="COMPLEXITY" missed="0" covered="1"/>
        <counter type="METHOD" missed="0" covered="1"/>
      </method>
      <method name="&lt;clinit&gt;" desc="()V" line="41">
        <counter type="INSTRUCTION" missed="0" covered="7"/>
        <counter type="LINE" missed="0" covered="3"/>
        <counter type="COMPLEXITY" missed="0" covered="1"/>
        <counter type="METHOD" missed="0" covered="1"/>
      </method>
      <counter type="INSTRUCTION" missed="0" covered="131"/>
      <counter type="BRANCH" missed="0" covered="6"/>
      <counter type="LINE" missed="0" covered="31"/>
      <counter type="COMPLEXITY" missed="0" covered="8"/>
      <counter type="METHOD" missed="0" covered="5"/>
      <counter type="CLASS" missed="0" covered="1"/>
    </class>
    <class name="org/sonarlint/cli/Options">
      <method name="&lt;init&gt;" desc="()V" line="26">
        <counter type="INSTRUCTION" missed="0" covered="41"/>
        <counter type="LINE" missed="0" covered="13"/>
        <counter type="COMPLEXITY" missed="0" covered="1"/>
        <counter type="METHOD" missed="0" covered="1"/>
      </method>
      <method name="parse" desc="([Ljava/lang/String;)Lorg/sonarlint/cli/Options;" line="43">
        <counter type="INSTRUCTION" missed="0" covered="226"/>
        <counter type="BRANCH" missed="1" covered="47"/>
        <counter type="LINE" missed="0" covered="41"/>
        <counter type="COMPLEXITY" missed="1" covered="24"/>
        <counter type="METHOD" missed="0" covered="1"/>
      </method>
      <method name="checkAdditionalArg" desc="(IILjava/lang/String;)V" line="109">
        <counter type="INSTRUCTION" missed="0" covered="17"/>
        <counter type="BRANCH" missed="0" covered="2"/>
        <counter type="LINE" missed="0" covered="3"/>
        <counter type="COMPLEXITY" missed="0" covered="2"/>
        <counter type="METHOD" missed="0" covered="1"/>
      </method>
      <method name="isVerbose" desc="()Z" line="115">
        <counter type="INSTRUCTION" missed="0" covered="3"/>
        <counter type="LINE" missed="0" covered="1"/>
        <counter type="COMPLEXITY" missed="0" covered="1"/>
        <counter type="METHOD" missed="0" covered="1"/>
      </method>
      <method name="isInteractive" desc="()Z" line="119">
        <counter type="INSTRUCTION" missed="0" covered="3"/>
        <counter type="LINE" missed="0" covered="1"/>
        <counter type="COMPLEXITY" missed="0" covered="1"/>
        <counter type="METHOD" missed="0" covered="1"/>
      </method>
      <method name="isHelp" desc="()Z" line="123">
        <counter type="INSTRUCTION" missed="0" covered="3"/>
        <counter type="LINE" missed="0" covered="1"/>
        <counter type="COMPLEXITY" missed="0" covered="1"/>
        <counter type="METHOD" missed="0" covered="1"/>
      </method>
      <method name="charset" desc="()Ljava/lang/String;" line="127">
        <counter type="INSTRUCTION" missed="0" covered="3"/>
        <counter type="LINE" missed="0" covered="1"/>
        <counter type="COMPLEXITY" missed="0" covered="1"/>
        <counter type="METHOD" missed="0" covered="1"/>
      </method>
      <method name="htmlReport" desc="()Ljava/lang/String;" line="131">
        <counter type="INSTRUCTION" missed="0" covered="3"/>
        <counter type="LINE" missed="0" covered="1"/>
        <counter type="COMPLEXITY" missed="0" covered="1"/>
        <counter type="METHOD" missed="0" covered="1"/>
      </method>
      <method name="src" desc="()Ljava/lang/String;" line="135">
        <counter type="INSTRUCTION" missed="0" covered="3"/>
        <counter type="LINE" missed="0" covered="1"/>
        <counter type="COMPLEXITY" missed="0" covered="1"/>
        <counter type="METHOD" missed="0" covered="1"/>
      </method>
      <method name="tests" desc="()Ljava/lang/String;" line="139">
        <counter type="INSTRUCTION" missed="0" covered="3"/>
        <counter type="LINE" missed="0" covered="1"/>
        <counter type="COMPLEXITY" missed="0" covered="1"/>
        <counter type="METHOD" missed="0" covered="1"/>
      </method>
      <method name="exclusions" desc="()Ljava/lang/String;" line="143">
        <counter type="INSTRUCTION" missed="0" covered="3"/>
        <counter type="LINE" missed="0" covered="1"/>
        <counter type="COMPLEXITY" missed="0" covered="1"/>
        <counter type="METHOD" missed="0" covered="1"/>
      </method>
      <method name="isUpdate" desc="()Z" line="147">
        <counter type="INSTRUCTION" missed="0" covered="3"/>
        <counter type="LINE" missed="0" covered="1"/>
        <counter type="COMPLEXITY" missed="0" covered="1"/>
        <counter type="METHOD" missed="0" covered="1"/>
      </method>
      <method name="isVersion" desc="()Z" line="151">
        <counter type="INSTRUCTION" missed="0" covered="3"/>
        <counter type="LINE" missed="0" covered="1"/>
        <counter type="COMPLEXITY" missed="0" covered="1"/>
        <counter type="METHOD" missed="0" covered="1"/>
      </method>
      <method name="showStack" desc="()Z" line="155">
        <counter type="INSTRUCTION" missed="0" covered="3"/>
        <counter type="LINE" missed="0" covered="1"/>
        <counter type="COMPLEXITY" missed="0" covered="1"/>
        <counter type="METHOD" missed="0" covered="1"/>
      </method>
      <method name="properties" desc="()Ljava/util/Properties;" line="159">
        <counter type="INSTRUCTION" missed="0" covered="3"/>
        <counter type="LINE" missed="0" covered="1"/>
        <counter type="COMPLEXITY" missed="0" covered="1"/>
        <counter type="METHOD" missed="0" covered="1"/>
      </method>
      <method name="task" desc="()Ljava/lang/String;" line="163">
        <counter type="INSTRUCTION" missed="0" covered="3"/>
        <counter type="LINE" missed="0" covered="1"/>
        <counter type="COMPLEXITY" missed="0" covered="1"/>
        <counter type="METHOD" missed="0" covered="1"/>
      </method>
      <method name="printUsage" desc="()V" line="167">
        <counter type="INSTRUCTION" missed="0" covered="49"/>
        <counter type="LINE" missed="0" covered="17"/>
        <counter type="COMPLEXITY" missed="0" covered="1"/>
        <counter type="METHOD" missed="0" covered="1"/>
      </method>
      <method name="appendPropertyTo" desc="(Ljava/lang/String;Ljava/util/Properties;)V" line="189">
        <counter type="INSTRUCTION" missed="5" covered="24"/>
        <counter type="BRANCH" missed="1" covered="1"/>
        <counter type="LINE" missed="2" covered="6"/>
        <counter type="COMPLEXITY" missed="1" covered="1"/>
        <counter type="METHOD" missed="0" covered="1"/>
      </method>
      <method name="&lt;clinit&gt;" desc="()V" line="27">
        <counter type="INSTRUCTION" missed="0" covered="3"/>
        <counter type="LINE" missed="0" covered="1"/>
        <counter type="COMPLEXITY" missed="0" covered="1"/>
        <counter type="METHOD" missed="0" covered="1"/>
      </method>
      <counter type="INSTRUCTION" missed="5" covered="399"/>
      <counter type="BRANCH" missed="2" covered="50"/>
      <counter type="LINE" missed="2" covered="94"/>
      <counter type="COMPLEXITY" missed="2" covered="43"/>
      <counter type="METHOD" missed="0" covered="19"/>
      <counter type="CLASS" missed="0" covered="1"/>
    </class>
    <class name="org/sonarlint/cli/InputFileFinder$FileCollector">
      <method name="&lt;init&gt;" desc="(Lorg/sonarlint/cli/InputFileFinder;Ljava/nio/file/Path;Ljava/util/List;)V" line="97">
        <counter type="INSTRUCTION" missed="0" covered="12"/>
        <counter type="LINE" missed="0" covered="4"/>
        <counter type="COMPLEXITY" missed="0" covered="1"/>
        <counter type="METHOD" missed="0" covered="1"/>
      </method>
      <method name="visitFile" desc="(Ljava/nio/file/Path;Ljava/nio/file/attribute/BasicFileAttributes;)Ljava/nio/file/FileVisitResult;" line="104">
        <counter type="INSTRUCTION" missed="0" covered="76"/>
        <counter type="BRANCH" missed="1" covered="15"/>
        <counter type="LINE" missed="0" covered="8"/>
        <counter type="COMPLEXITY" missed="1" covered="8"/>
        <counter type="METHOD" missed="0" covered="1"/>
      </method>
      <method name="preVisitDirectory" desc="(Ljava/nio/file/Path;Ljava/nio/file/attribute/BasicFileAttributes;)Ljava/nio/file/FileVisitResult;" line="118">
        <counter type="INSTRUCTION" missed="0" covered="21"/>
        <counter type="BRANCH" missed="0" covered="2"/>
        <counter type="LINE" missed="0" covered="4"/>
        <counter type="COMPLEXITY" missed="0" covered="2"/>
        <counter type="METHOD" missed="0" covered="1"/>
      </method>
      <counter type="INSTRUCTION" missed="0" covered="109"/>
      <counter type="BRANCH" missed="1" covered="17"/>
      <counter type="LINE" missed="0" covered="16"/>
      <counter type="COMPLEXITY" missed="1" covered="11"/>
      <counter type="METHOD" missed="0" covered="3"/>
      <counter type="CLASS" missed="0" covered="1"/>
    </class>
    <class name="org/sonarlint/cli/Stats">
      <method name="&lt;init&gt;" desc="()V" line="24">
        <counter type="INSTRUCTION" missed="0" covered="3"/>
        <counter type="LINE" missed="0" covered="1"/>
        <counter type="COMPLEXITY" missed="0" covered="1"/>
        <counter type="METHOD" missed="0" covered="1"/>
      </method>
      <method name="start" desc="()Lorg/sonarlint/cli/Stats;" line="29">
        <counter type="INSTRUCTION" missed="0" covered="5"/>
        <counter type="LINE" missed="0" covered="2"/>
        <counter type="COMPLEXITY" missed="0" covered="1"/>
        <counter type="METHOD" missed="0" covered="1"/>
      </method>
      <method name="stop" desc="()Lorg/sonarlint/cli/Stats;" line="34">
        <counter type="INSTRUCTION" missed="0" covered="48"/>
        <counter type="LINE" missed="0" covered="7"/>
        <counter type="COMPLEXITY" missed="0" covered="1"/>
        <counter type="METHOD" missed="0" covered="1"/>
      </method>
      <method name="formatTime" desc="(J)Ljava/lang/String;" line="46">
        <counter type="INSTRUCTION" missed="0" covered="79"/>
        <counter type="BRANCH" missed="0" covered="4"/>
        <counter type="LINE" missed="0" covered="10"/>
        <counter type="COMPLEXITY" missed="0" covered="3"/>
        <counter type="METHOD" missed="0" covered="1"/>
      </method>
      <method name="&lt;clinit&gt;" desc="()V" line="25">
        <counter type="INSTRUCTION" missed="0" covered="3"/>
        <counter type="LINE" missed="0" covered="1"/>
        <counter type="COMPLEXITY" missed="0" covered="1"/>
        <counter type="METHOD" missed="0" covered="1"/>
      </method>
      <counter type="INSTRUCTION" missed="0" covered="138"/>
      <counter type="BRANCH" missed="0" covered="4"/>
      <counter type="LINE" missed="0" covered="21"/>
      <counter type="COMPLEXITY" missed="0" covered="7"/>
      <counter type="METHOD" missed="0" covered="5"/>
      <counter type="CLASS" missed="0" covered="1"/>
    </class>
    <sourcefile name="Stats.java">
      <line nr="24" mi="0" ci="3" mb="0" cb="0"/>
      <line nr="25" mi="0" ci="3" mb="0" cb="0"/>
      <line nr="29" mi="0" ci="3" mb="0" cb="0"/>
      <line nr="30" mi="0" ci="2" mb="0" cb="0"/>
      <line nr="34" mi="0" ci="5" mb="0" cb="0"/>
      <line nr="35" mi="0" ci="11" mb="0" cb="0"/>
      <line nr="37" mi="0" ci="1" mb="0" cb="0"/>
      <line nr="38" mi="0" ci="2" mb="0" cb="0"/>
      <line nr="39" mi="0" ci="2" mb="0" cb="0"/>
      <line nr="40" mi="0" ci="25" mb="0" cb="0"/>
      <line nr="42" mi="0" ci="2" mb="0" cb="0"/>
      <line nr="46" mi="0" ci="4" mb="0" cb="0"/>
      <line nr="47" mi="0" ci="12" mb="0" cb="0"/>
      <line nr="48" mi="0" ci="18" mb="0" cb="0"/>
      <line nr="49" mi="0" ci="4" mb="0" cb="0"/>
      <line nr="51" mi="0" ci="4" mb="0" cb="2"/>
      <line nr="52" mi="0" ci="3" mb="0" cb="0"/>
      <line nr="53" mi="0" ci="4" mb="0" cb="2"/>
      <line nr="54" mi="0" ci="3" mb="0" cb="0"/>
      <line nr="56" mi="0" ci="2" mb="0" cb="0"/>
      <line nr="58" mi="0" ci="25" mb="0" cb="0"/>
      <counter type="INSTRUCTION" missed="0" covered="138"/>
      <counter type="BRANCH" missed="0" covered="4"/>
      <counter type="LINE" missed="0" covered="21"/>
      <counter type="COMPLEXITY" missed="0" covered="7"/>
      <counter type="METHOD" missed="0" covered="5"/>
      <counter type="CLASS" missed="0" covered="1"/>
    </sourcefile>
    <sourcefile name="InputFileFinder.java">
      <line nr="41" mi="0" ci="2" mb="0" cb="0"/>
      <line nr="47" mi="0" ci="4" mb="0" cb="0"/>
      <line nr="48" mi="0" ci="5" mb="0" cb="0"/>
      <line nr="50" mi="0" ci="2" mb="0" cb="0"/>
      <line nr="51" mi="0" ci="3" mb="0" cb="0"/>
      <line nr="52" mi="0" ci="2" mb="0" cb="0"/>
      <line nr="54" mi="0" ci="2" mb="0" cb="2"/>
      <line nr="55" mi="0" ci="13" mb="0" cb="0"/>
      <line nr="57" mi="0" ci="3" mb="0" cb="0"/>
      <line nr="59" mi="0" ci="1" mb="0" cb="0"/>
      <line nr="60" mi="0" ci="10" mb="0" cb="0"/>
      <line nr="61" mi="0" ci="2" mb="0" cb="0"/>
      <line nr="62" mi="0" ci="1" mb="0" cb="0"/>
      <line nr="65" mi="0" ci="2" mb="0" cb="2"/>
      <line nr="66" mi="0" ci="13" mb="0" cb="0"/>
      <line nr="68" mi="0" ci="3" mb="0" cb="0"/>
      <line nr="70" mi="0" ci="1" mb="0" cb="0"/>
      <line nr="71" mi="0" ci="10" mb="0" cb="0"/>
      <line nr="72" mi="0" ci="2" mb="0" cb="0"/>
      <line nr="73" mi="0" ci="1" mb="0" cb="0"/>
      <line nr="76" mi="0" ci="2" mb="0" cb="2"/>
      <line nr="77" mi="0" ci="13" mb="0" cb="0"/>
      <line nr="79" mi="0" ci="3" mb="0" cb="0"/>
      <line nr="81" mi="0" ci="1" mb="0" cb="0"/>
      <line nr="82" mi="0" ci="10" mb="0" cb="0"/>
      <line nr="83" mi="0" ci="2" mb="0" cb="0"/>
      <line nr="84" mi="0" ci="1" mb="0" cb="0"/>
      <line nr="85" mi="0" ci="1" mb="0" cb="0"/>
      <line nr="88" mi="0" ci="4" mb="0" cb="0"/>
      <line nr="89" mi="0" ci="10" mb="0" cb="0"/>
      <line nr="90" mi="0" ci="2" mb="0" cb="0"/>
      <line nr="97" mi="0" ci="5" mb="0" cb="0"/>
      <line nr="98" mi="0" ci="3" mb="0" cb="0"/>
      <line nr="99" mi="0" ci="3" mb="0" cb="0"/>
      <line nr="100" mi="0" ci="1" mb="0" cb="0"/>
      <line nr="104" mi="0" ci="2" mb="0" cb="0"/>
      <line nr="105" mi="0" ci="5" mb="0" cb="0"/>
      <line nr="106" mi="0" ci="16" mb="0" cb="4"/>
      <line nr="107" mi="0" ci="16" mb="1" cb="3"/>
      <line nr="108" mi="0" ci="4" mb="0" cb="4"/>
      <line nr="109" mi="0" ci="16" mb="0" cb="4"/>
      <line nr="110" mi="0" ci="12" mb="0" cb="0"/>
      <line nr="113" mi="0" ci="5" mb="0" cb="0"/>
      <line nr="118" mi="0" ci="3" mb="0" cb="2"/>
      <line nr="119" mi="0" ci="11" mb="0" cb="0"/>
      <line nr="120" mi="0" ci="2" mb="0" cb="0"/>
      <line nr="123" mi="0" ci="5" mb="0" cb="0"/>
      <line nr="132" mi="0" ci="2" mb="0" cb="0"/>
      <line nr="133" mi="0" ci="3" mb="0" cb="0"/>
      <line nr="134" mi="0" ci="3" mb="0" cb="0"/>
      <line nr="135" mi="0" ci="3" mb="0" cb="0"/>
      <line nr="136" mi="0" ci="1" mb="0" cb="0"/>
      <line nr="140" mi="0" ci="3" mb="0" cb="0"/>
      <line nr="145" mi="0" ci="4" mb="0" cb="0"/>
      <line nr="150" mi="0" ci="3" mb="0" cb="0"/>
      <line nr="155" mi="2" ci="0" mb="0" cb="0"/>
      <line nr="160" mi="0" ci="6" mb="0" cb="0"/>
      <line nr="165" mi="9" ci="0" mb="0" cb="0"/>
      <counter type="INSTRUCTION" missed="11" covered="268"/>
      <counter type="BRANCH" missed="1" covered="23"/>
      <counter type="LINE" missed="2" covered="56"/>
      <counter type="COMPLEXITY" missed="3" covered="24"/>
      <counter type="METHOD" missed="2" covered="13"/>
      <counter type="CLASS" missed="0" covered="3"/>
    </sourcefile>
    <sourcefile name="Main.java">
      <line nr="48" mi="0" ci="3" mb="0" cb="0"/>
      <line nr="57" mi="0" ci="2" mb="0" cb="0"/>
      <line nr="58" mi="0" ci="3" mb="0" cb="0"/>
      <line nr="59" mi="0" ci="3" mb="0" cb="0"/>
      <line nr="60" mi="0" ci="3" mb="0" cb="0"/>
      <line nr="61" mi="0" ci="3" mb="0" cb="0"/>
      <line nr="62" mi="0" ci="3" mb="0" cb="0"/>
      <line nr="63" mi="0" ci="1" mb="0" cb="0"/>
      <line nr="66" mi="0" ci="4" mb="0" cb="2"/>
      <line nr="67" mi="0" ci="1" mb="0" cb="0"/>
      <line nr="68" mi="0" ci="2" mb="0" cb="0"/>
      <line nr="71" mi="0" ci="4" mb="0" cb="2"/>
      <line nr="72" mi="0" ci="3" mb="0" cb="0"/>
      <line nr="73" mi="0" ci="2" mb="0" cb="0"/>
      <line nr="76" mi="0" ci="6" mb="0" cb="0"/>
      <line nr="78" mi="0" ci="5" mb="0" cb="0"/>
      <line nr="79" mi="0" ci="5" mb="0" cb="0"/>
      <line nr="81" mi="0" ci="2" mb="0" cb="0"/>
      <line nr="83" mi="0" ci="4" mb="0" cb="2"/>
      <line nr="84" mi="0" ci="3" mb="0" cb="0"/>
      <line nr="87" mi="0" ci="4" mb="0" cb="0"/>
      <line nr="89" mi="0" ci="12" mb="0" cb="0"/>
      <line nr="90" mi="0" ci="5" mb="0" cb="0"/>
      <line nr="92" mi="0" ci="5" mb="0" cb="0"/>
      <line nr="94" mi="0" ci="4" mb="0" cb="2"/>
      <line nr="95" mi="0" ci="8" mb="0" cb="0"/>
      <line nr="97" mi="0" ci="7" mb="0" cb="0"/>
      <line nr="99" mi="0" ci="1" mb="0" cb="0"/>
      <line nr="100" mi="0" ci="3" mb="0" cb="0"/>
      <line nr="101" mi="0" ci="9" mb="0" cb="0"/>
      <line nr="102" mi="0" ci="2" mb="0" cb="0"/>
      <line nr="103" mi="0" ci="1" mb="0" cb="0"/>
      <line nr="105" mi="0" ci="2" mb="0" cb="0"/>
      <line nr="109" mi="0" ci="4" mb="0" cb="0"/>
      <line nr="110" mi="0" ci="2" mb="1" cb="1"/>
      <line nr="111" mi="5" ci="0" mb="0" cb="0"/>
      <line nr="113" mi="0" ci="5" mb="0" cb="0"/>
      <line nr="117" mi="0" ci="3" mb="0" cb="0"/>
      <line nr="118" mi="0" ci="8" mb="0" cb="0"/>
      <line nr="119" mi="0" ci="2" mb="0" cb="0"/>
      <line nr="120" mi="0" ci="3" mb="0" cb="0"/>
      <line nr="121" mi="0" ci="1" mb="0" cb="0"/>
      <line nr="125" mi="0" ci="3" mb="0" cb="0"/>
      <line nr="126" mi="0" ci="8" mb="0" cb="0"/>
      <line nr="127" mi="0" ci="3" mb="0" cb="0"/>
      <line nr="128" mi="0" ci="3" mb="0" cb="2"/>
      <line nr="130" mi="0" ci="2" mb="0" cb="0"/>
      <line nr="131" mi="0" ci="1" mb="0" cb="0"/>
      <line nr="134" mi="0" ci="3" mb="1" cb="1"/>
      <line nr="135" mi="10" ci="0" mb="0" cb="0"/>
      <line nr="137" mi="0" ci="3" mb="0" cb="0"/>
      <line nr="138" mi="0" ci="3" mb="0" cb="0"/>
      <line nr="139" mi="0" ci="4" mb="0" cb="0"/>
      <line nr="140" mi="0" ci="6" mb="0" cb="2"/>
      <line nr="144" mi="0" ci="10" mb="0" cb="0"/>
      <line nr="145" mi="0" ci="1" mb="0" cb="0"/>
      <line nr="148" mi="3" ci="0" mb="0" cb="0"/>
      <line nr="149" mi="1" ci="0" mb="0" cb="0"/>
      <line nr="155" mi="0" ci="3" mb="0" cb="0"/>
      <line nr="156" mi="0" ci="1" mb="0" cb="0"/>
      <line nr="157" mi="0" ci="12" mb="0" cb="0"/>
      <line nr="158" mi="0" ci="1" mb="0" cb="0"/>
      <line nr="159" mi="0" ci="3" mb="0" cb="0"/>
      <line nr="160" mi="0" ci="1" mb="0" cb="0"/>
      <line nr="161" mi="0" ci="1" mb="0" cb="0"/>
      <line nr="165" mi="0" ci="3" mb="0" cb="2"/>
      <line nr="166" mi="5" ci="0" mb="0" cb="0"/>
      <line nr="168" mi="0" ci="2" mb="0" cb="0"/>
      <line nr="170" mi="0" ci="1" mb="0" cb="0"/>
      <line nr="171" mi="0" ci="12" mb="0" cb="0"/>
      <line nr="172" mi="0" ci="3" mb="0" cb="0"/>
      <line nr="173" mi="0" ci="1" mb="0" cb="0"/>
      <line nr="174" mi="0" ci="1" mb="0" cb="0"/>
      <line nr="176" mi="0" ci="11" mb="0" cb="0"/>
      <line nr="177" mi="0" ci="5" mb="0" cb="0"/>
      <line nr="178" mi="0" ci="4" mb="0" cb="0"/>
      <line nr="179" mi="0" ci="5" mb="0" cb="0"/>
      <line nr="181" mi="0" ci="11" mb="0" cb="0"/>
      <line nr="182" mi="0" ci="3" mb="0" cb="0"/>
      <line nr="183" mi="0" ci="1" mb="0" cb="0"/>
      <line nr="187" mi="0" ci="2" mb="0" cb="0"/>
[...]
        <counter type="INSTRUCTION" missed="0" covered="3"/>
        <counter type="LINE" missed="0" covered="1"/>
        <counter type="COMPLEXITY" missed="0" covered="1"/>
        <counter type="METHOD" missed="0" covered="1"/>
      </method>
      <method name="registerOpenTag" desc="(Ljava/lang/String;)V" line="57">
        <counter type="INSTRUCTION" missed="0" covered="5"/>
        <counter type="LINE" missed="0" covered="2"/>
        <counter type="COMPLEXITY" missed="0" covered="1"/>
        <counter type="METHOD" missed="0" covered="1"/>
      </method>
      <method name="removeLastOpenTag" desc="()V" line="61">
        <counter type="INSTRUCTION" missed="0" covered="5"/>
        <counter type="LINE" missed="0" covered="2"/>
        <counter type="COMPLEXITY" missed="0" covered="1"/>
        <counter type="METHOD" missed="0" covered="1"/>
      </method>
      <method name="getOpenTags" desc="()Ljava/util/Deque;" line="65">
        <counter type="INSTRUCTION" missed="0" covered="3"/>
        <counter type="LINE" missed="0" covered="1"/>
        <counter type="COMPLEXITY" missed="0" covered="1"/>
        <counter type="METHOD" missed="0" covered="1"/>
      </method>
      <counter type="INSTRUCTION" missed="0" covered="52"/>
      <counter type="BRANCH" missed="0" covered="2"/>
      <counter type="LINE" missed="0" covered="15"/>
      <counter type="COMPLEXITY" missed="0" covered="8"/>
      <counter type="METHOD" missed="0" covered="7"/>
      <counter type="CLASS" missed="0" covered="1"/>
    </class>
    <class name="org/sonarlint/cli/report/source/HtmlTextDecorator">
      <method name="&lt;init&gt;" desc="()V" line="29">
        <counter type="INSTRUCTION" missed="0" covered="3"/>
        <counter type="LINE" missed="0" covered="1"/>
        <counter type="COMPLEXITY" missed="0" covered="1"/>
        <counter type="METHOD" missed="0" covered="1"/>
      </method>
      <method name="decorateLineWithHtml" desc="(Ljava/lang/String;Lorg/sonarlint/cli/report/source/DecorationDataHolder;)Ljava/lang/String;" line="40">
        <counter type="INSTRUCTION" missed="7" covered="32"/>
        <counter type="BRANCH" missed="0" covered="2"/>
        <counter type="LINE" missed="2" covered="8"/>
        <counter type="COMPLEXITY" missed="0" covered="2"/>
        <counter type="METHOD" missed="0" covered="1"/>
      </method>
      <method name="addCharToCurrentLine" desc="(Lorg/sonarlint/cli/report/source/CharactersReader;Ljava/lang/StringBuilder;Lorg/sonarlint/cli/report/source/DecorationDataHolder;)V" line="61">
        <counter type="INSTRUCTION" missed="0" covered="28"/>
        <counter type="LINE" missed="0" covered="7"/>
        <counter type="COMPLEXITY" missed="0" covered="1"/>
        <counter type="METHOD" missed="0" covered="1"/>
      </method>
      <method name="normalize" desc="(C)[C" line="73">
        <counter type="INSTRUCTION" missed="0" covered="30"/>
        <counter type="BRANCH" missed="0" covered="6"/>
        <counter type="LINE" missed="0" covered="8"/>
        <counter type="COMPLEXITY" missed="0" covered="4"/>
        <counter type="METHOD" missed="0" covered="1"/>
      </method>
      <method name="getNumberOfTagsToClose" desc="(ILorg/sonarlint/cli/report/source/DecorationDataHolder;)I" line="86">
        <counter type="INSTRUCTION" missed="0" covered="12"/>
        <counter type="BRANCH" missed="0" covered="2"/>
        <counter type="LINE" missed="0" covered="5"/>
        <counter type="COMPLEXITY" missed="0" covered="2"/>
        <counter type="METHOD" missed="0" covered="1"/>
      </method>
      <method name="getTagsToOpen" desc="(ILorg/sonarlint/cli/report/source/DecorationDataHolder;)Ljava/util/Collection;" line="96">
        <counter type="INSTRUCTION" missed="0" covered="21"/>
        <counter type="BRANCH" missed="0" covered="4"/>
        <counter type="LINE" missed="0" covered="5"/>
        <counter type="COMPLEXITY" missed="0" covered="3"/>
        <counter type="METHOD" missed="0" covered="1"/>
      </method>
      <method name="closeCompletedTags" desc="(Lorg/sonarlint/cli/report/source/CharactersReader;ILjava/lang/StringBuilder;)V" line="106">
        <counter type="INSTRUCTION" missed="0" covered="12"/>
        <counter type="BRANCH" missed="0" covered="2"/>
        <counter type="LINE" missed="0" covered="4"/>
        <counter type="COMPLEXITY" missed="0" covered="2"/>
        <counter type="METHOD" missed="0" covered="1"/>
      </method>
      <method name="openNewTags" desc="(Lorg/sonarlint/cli/report/source/CharactersReader;Ljava/util/Collection;Ljava/lang/StringBuilder;)V" line="114">
        <counter type="INSTRUCTION" missed="0" covered="18"/>
        <counter type="BRANCH" missed="0" covered="2"/>
        <counter type="LINE" missed="0" covered="5"/>
        <counter type="COMPLEXITY" missed="0" covered="2"/>
        <counter type="METHOD" missed="0" covered="1"/>
      </method>
      <method name="closeCurrentSyntaxTags" desc="(Lorg/sonarlint/cli/report/source/CharactersReader;Ljava/lang/StringBuilder;)V" line="121">
        <counter type="INSTRUCTION" missed="0" covered="12"/>
        <counter type="BRANCH" missed="0" covered="2"/>
        <counter type="LINE" missed="0" covered="3"/>
        <counter type="COMPLEXITY" missed="0" covered="2"/>
        <counter type="METHOD" missed="0" covered="1"/>
      </method>
      <method name="injectOpeningHtmlForRule" desc="(Ljava/lang/String;Ljava/lang/StringBuilder;)V" line="127">
        <counter type="INSTRUCTION" missed="0" covered="9"/>
        <counter type="LINE" missed="0" covered="2"/>
        <counter type="COMPLEXITY" missed="0" covered="1"/>
        <counter type="METHOD" missed="0" covered="1"/>
      </method>
      <method name="injectClosingHtml" desc="(Ljava/lang/StringBuilder;)V" line="131">
        <counter type="INSTRUCTION" missed="0" covered="5"/>
        <counter type="LINE" missed="0" covered="2"/>
        <counter type="COMPLEXITY" missed="0" covered="1"/>
        <counter type="METHOD" missed="0" covered="1"/>
      </method>
      <counter type="INSTRUCTION" missed="7" covered="182"/>
      <counter type="BRANCH" missed="0" covered="20"/>
      <counter type="LINE" missed="2" covered="50"/>
      <counter type="COMPLEXITY" missed="0" covered="21"/>
      <counter type="METHOD" missed="0" covered="11"/>
      <counter type="CLASS" missed="0" covered="1"/>
    </class>
    <class name="org/sonarlint/cli/report/source/DecorationDataHolder">
      <method name="&lt;init&gt;" desc="()V" line="34">
        <counter type="INSTRUCTION" missed="0" covered="9"/>
        <counter type="LINE" missed="0" covered="4"/>
        <counter type="COMPLEXITY" missed="0" covered="1"/>
        <counter type="METHOD" missed="0" covered="1"/>
      </method>
      <method name="loadIssues" desc="(Ljava/util/List;II)V" line="40">
        <counter type="INSTRUCTION" missed="0" covered="63"/>
        <counter type="BRANCH" missed="3" covered="9"/>
        <counter type="LINE" missed="0" covered="8"/>
        <counter type="COMPLEXITY" missed="3" covered="4"/>
        <counter type="METHOD" missed="0" covered="1"/>
      </method>
      <method name="getCurrentOpeningTagEntry" desc="()Lorg/sonarlint/cli/report/source/OpeningHtmlTag;" line="51">
        <counter type="INSTRUCTION" missed="0" covered="15"/>
        <counter type="BRANCH" missed="0" covered="2"/>
        <counter type="LINE" missed="0" covered="1"/>
        <counter type="COMPLEXITY" missed="0" covered="2"/>
        <counter type="METHOD" missed="0" covered="1"/>
      </method>
      <method name="nextOpeningTagEntry" desc="()V" line="55">
        <counter type="INSTRUCTION" missed="0" covered="7"/>
        <counter type="LINE" missed="0" covered="2"/>
        <counter type="COMPLEXITY" missed="0" covered="1"/>
        <counter type="METHOD" missed="0" covered="1"/>
      </method>
      <method name="getCurrentClosingTagOffset" desc="()I" line="59">
        <counter type="INSTRUCTION" missed="0" covered="16"/>
        <counter type="BRANCH" missed="0" covered="2"/>
        <counter type="LINE" missed="0" covered="1"/>
        <counter type="COMPLEXITY" missed="0" covered="2"/>
        <counter type="METHOD" missed="0" covered="1"/>
      </method>
      <method name="nextClosingTagOffset" desc="()V" line="63">
        <counter type="INSTRUCTION" missed="0" covered="7"/>
        <counter type="LINE" missed="0" covered="2"/>
        <counter type="COMPLEXITY" missed="0" covered="1"/>
        <counter type="METHOD" missed="0" covered="1"/>
      </method>
      <method name="insertAndPreserveOrder" desc="(Lorg/sonarlint/cli/report/source/OpeningHtmlTag;Ljava/util/List;)V" line="67">
        <counter type="INSTRUCTION" missed="0" covered="22"/>
        <counter type="BRANCH" missed="1" covered="3"/>
        <counter type="LINE" missed="0" covered="6"/>
        <counter type="COMPLEXITY" missed="1" covered="2"/>
        <counter type="METHOD" missed="0" covered="1"/>
      </method>
      <method name="insertAndPreserveOrder" desc="(ILjava/util/List;)V" line="76">
        <counter type="INSTRUCTION" missed="0" covered="22"/>
        <counter type="BRANCH" missed="1" covered="3"/>
        <counter type="LINE" missed="0" covered="6"/>
        <counter type="COMPLEXITY" missed="1" covered="2"/>
        <counter type="METHOD" missed="0" covered="1"/>
      </method>
      <counter type="INSTRUCTION" missed="0" covered="161"/>
      <counter type="BRANCH" missed="5" covered="19"/>
      <counter type="LINE" missed="0" covered="30"/>
      <counter type="COMPLEXITY" missed="5" covered="15"/>
      <counter type="METHOD" missed="0" covered="8"/>
      <counter type="CLASS" missed="0" covered="1"/>
    </class>
    <class name="org/sonarlint/cli/report/source/OpeningHtmlTag">
      <method name="&lt;init&gt;" desc="(ILjava/lang/String;)V" line="27">
        <counter type="INSTRUCTION" missed="0" covered="9"/>
        <counter type="LINE" missed="0" covered="4"/>
        <counter type="COMPLEXITY" missed="0" covered="1"/>
        <counter type="METHOD" missed="0" covered="1"/>
      </method>
      <method name="getStartOffset" desc="()I" line="33">
        <counter type="INSTRUCTION" missed="0" covered="3"/>
        <counter type="LINE" missed="0" covered="1"/>
        <counter type="COMPLEXITY" missed="0" covered="1"/>
        <counter type="METHOD" missed="0" covered="1"/>
      </method>
      <method name="getCssClass" desc="()Ljava/lang/String;" line="37">
        <counter type="INSTRUCTION" missed="0" covered="3"/>
        <counter type="LINE" missed="0" covered="1"/>
        <counter type="COMPLEXITY" missed="0" covered="1"/>
        <counter type="METHOD" missed="0" covered="1"/>
      </method>
      <counter type="INSTRUCTION" missed="0" covered="15"/>
      <counter type="LINE" missed="0" covered="6"/>
      <counter type="COMPLEXITY" missed="0" covered="3"/>
      <counter type="METHOD" missed="0" covered="3"/>
      <counter type="CLASS" missed="0" covered="1"/>
    </class>
    <class name="org/sonarlint/cli/report/source/HtmlSourceDecorator">
      <method name="getDecoratedSourceAsHtml" desc="(Ljava/lang/String;ILjava/util/List;)Ljava/lang/String;" line="35">
        <counter type="INSTRUCTION" missed="2" covered="21"/>
        <counter type="BRANCH" missed="1" covered="1"/>
        <counter type="LINE" missed="1" covered="5"/>
        <counter type="COMPLEXITY" missed="1" covered="1"/>
        <counter type="METHOD" missed="0" covered="1"/>
      </method>
      <counter type="INSTRUCTION" missed="2" covered="21"/>
      <counter type="BRANCH" missed="1" covered="1"/>
      <counter type="LINE" missed="1" covered="5"/>
      <counter type="COMPLEXITY" missed="1" covered="1"/>
      <counter type="METHOD" missed="0" covered="1"/>
      <counter type="CLASS" missed="0" covered="1"/>
    </class>
    <sourcefile name="OpeningHtmlTag.java">
      <line nr="27" mi="0" ci="2" mb="0" cb="0"/>
      <line nr="28" mi="0" ci="3" mb="0" cb="0"/>
      <line nr="29" mi="0" ci="3" mb="0" cb="0"/>
      <line nr="30" mi="0" ci="1" mb="0" cb="0"/>
      <line nr="33" mi="0" ci="3" mb="0" cb="0"/>
      <line nr="37" mi="0" ci="3" mb="0" cb="0"/>
      <counter type="INSTRUCTION" missed="0" covered="15"/>
      <counter type="LINE" missed="0" covered="6"/>
      <counter type="COMPLEXITY" missed="0" covered="3"/>
      <counter type="METHOD" missed="0" covered="3"/>
      <counter type="CLASS" missed="0" covered="1"/>
    </sourcefile>
    <sourcefile name="HtmlSourceDecorator.java">
      <line nr="35" mi="0" ci="2" mb="1" cb="1"/>
      <line nr="36" mi="2" ci="0" mb="0" cb="0"/>
      <line nr="38" mi="0" ci="4" mb="0" cb="0"/>
      <line nr="39" mi="0" ci="6" mb="0" cb="0"/>
      <line nr="40" mi="0" ci="4" mb="0" cb="0"/>
      <line nr="41" mi="0" ci="5" mb="0" cb="0"/>
      <counter type="INSTRUCTION" missed="2" covered="21"/>
      <counter type="BRANCH" missed="1" covered="1"/>
      <counter type="LINE" missed="1" covered="5"/>
      <counter type="COMPLEXITY" missed="1" covered="1"/>
      <counter type="METHOD" missed="0" covered="1"/>
      <counter type="CLASS" missed="0" covered="1"/>
    </sourcefile>
    <sourcefile name="DecorationDataHolder.java">
      <line nr="34" mi="0" ci="2" mb="0" cb="0"/>
      <line nr="35" mi="0" ci="3" mb="0" cb="0"/>
      <line nr="36" mi="0" ci="3" mb="0" cb="0"/>
      <line nr="37" mi="0" ci="1" mb="0" cb="0"/>
      <line nr="40" mi="0" ci="10" mb="0" cb="2"/>
      <line nr="41" mi="0" ci="14" mb="1" cb="3"/>
      <line nr="42" mi="0" ci="14" mb="1" cb="3"/>
      <line nr="43" mi="0" ci="3" mb="1" cb="1"/>
      <line nr="44" mi="0" ci="16" mb="0" cb="0"/>
      <line nr="45" mi="0" ci="4" mb="0" cb="0"/>
      <line nr="47" mi="0" ci="1" mb="0" cb="0"/>
      <line nr="48" mi="0" ci="1" mb="0" cb="0"/>
      <line nr="51" mi="0" ci="15" mb="0" cb="2"/>
      <line nr="55" mi="0" ci="6" mb="0" cb="0"/>
      <line nr="56" mi="0" ci="1" mb="0" cb="0"/>
      <line nr="59" mi="0" ci="16" mb="0" cb="2"/>
      <line nr="63" mi="0" ci="6" mb="0" cb="0"/>
      <line nr="64" mi="0" ci="1" mb="0" cb="0"/>
      <line nr="67" mi="0" ci="2" mb="0" cb="0"/>
      <line nr="68" mi="0" ci="3" mb="0" cb="0"/>
      <line nr="69" mi="0" ci="10" mb="1" cb="3"/>
      <line nr="70" mi="0" ci="2" mb="0" cb="0"/>
      <line nr="72" mi="0" ci="4" mb="0" cb="0"/>
      <line nr="73" mi="0" ci="1" mb="0" cb="0"/>
      <line nr="76" mi="0" ci="2" mb="0" cb="0"/>
      <line nr="77" mi="0" ci="3" mb="0" cb="0"/>
      <line nr="78" mi="0" ci="9" mb="1" cb="3"/>
      <line nr="79" mi="0" ci="2" mb="0" cb="0"/>
      <line nr="81" mi="0" ci="5" mb="0" cb="0"/>
      <line nr="82" mi="0" ci="1" mb="0" cb="0"/>
      <counter type="INSTRUCTION" missed="0" covered="161"/>
      <counter type="BRANCH" missed="5" covered="19"/>
      <counter type="LINE" missed="0" covered="30"/>
      <counter type="COMPLEXITY" missed="5" covered="15"/>
      <counter type="METHOD" missed="0" covered="8"/>
      <counter type="CLASS" missed="0" covered="1"/>
    </sourcefile>
    <sourcefile name="CharactersReader.java">
      <line nr="35" mi="0" ci="3" mb="0" cb="0"/>
      <line nr="37" mi="0" ci="2" mb="0" cb="0"/>
      <line nr="38" mi="0" ci="3" mb="0" cb="0"/>
      <line nr="39" mi="0" ci="5" mb="0" cb="0"/>
      <line nr="40" mi="0" ci="1" mb="0" cb="0"/>
      <line nr="43" mi="0" ci="5" mb="0" cb="0"/>
      <line nr="44" mi="0" ci="6" mb="0" cb="0"/>
      <line nr="45" mi="0" ci="8" mb="0" cb="2"/>
      <line nr="49" mi="0" ci="3" mb="0" cb="0"/>
      <line nr="53" mi="0" ci="3" mb="0" cb="0"/>
      <line nr="57" mi="0" ci="4" mb="0" cb="0"/>
      <line nr="58" mi="0" ci="1" mb="0" cb="0"/>
      <line nr="61" mi="0" ci="4" mb="0" cb="0"/>
      <line nr="62" mi="0" ci="1" mb="0" cb="0"/>
      <line nr="65" mi="0" ci="3" mb="0" cb="0"/>
      <counter type="INSTRUCTION" missed="0" covered="52"/>
      <counter type="BRANCH" missed="0" covered="2"/>
      <counter type="LINE" missed="0" covered="15"/>
      <counter type="COMPLEXITY" missed="0" covered="8"/>
      <counter type="METHOD" missed="0" covered="7"/>
      <counter type="CLASS" missed="0" covered="1"/>
    </sourcefile>
    <sourcefile name="HtmlTextDecorator.java">
      <line nr="29" mi="0" ci="3" mb="0" cb="0"/>
      <line nr="40" mi="0" ci="4" mb="0" cb="0"/>
      <line nr="42" mi="0" ci="8" mb="0" cb="0"/>
      <line nr="44" mi="0" ci="5" mb="0" cb="0"/>
      <line nr="47" mi="0" ci="3" mb="0" cb="2"/>
      <line nr="48" mi="0" ci="5" mb="0" cb="0"/>
      <line nr="50" mi="1" ci="0" mb="0" cb="0"/>
      <line nr="51" mi="6" ci="0" mb="0" cb="0"/>
      <line nr="52" mi="0" ci="1" mb="0" cb="0"/>
      <line nr="54" mi="0" ci="3" mb="0" cb="0"/>
      <line nr="56" mi="0" ci="3" mb="0" cb="0"/>
      <line nr="61" mi="0" ci="5" mb="0" cb="0"/>
      <line nr="62" mi="0" ci="4" mb="0" cb="0"/>
      <line nr="64" mi="0" ci="5" mb="0" cb="0"/>
      <line nr="65" mi="0" ci="4" mb="0" cb="0"/>
      <line nr="67" mi="0" ci="4" mb="0" cb="0"/>
      <line nr="68" mi="0" ci="5" mb="0" cb="0"/>
      <line nr="69" mi="0" ci="1" mb="0" cb="0"/>
      <line nr="73" mi="0" ci="3" mb="0" cb="2"/>
      <line nr="74" mi="0" ci="4" mb="0" cb="0"/>
      <line nr="75" mi="0" ci="3" mb="0" cb="2"/>
      <line nr="76" mi="0" ci="4" mb="0" cb="0"/>
      <line nr="77" mi="0" ci="3" mb="0" cb="2"/>
      <line nr="78" mi="0" ci="4" mb="0" cb="0"/>
      <line nr="80" mi="0" ci="7" mb="0" cb="0"/>
      <line nr="82" mi="0" ci="2" mb="0" cb="0"/>
      <line nr="86" mi="0" ci="2" mb="0" cb="0"/>
      <line nr="88" mi="0" ci="4" mb="0" cb="2"/>
      <line nr="89" mi="0" ci="1" mb="0" cb="0"/>
      <line nr="90" mi="0" ci="3" mb="0" cb="0"/>
      <line nr="92" mi="0" ci="2" mb="0" cb="0"/>
      <line nr="96" mi="0" ci="2" mb="0" cb="0"/>
      <line nr="97" mi="0" ci="8" mb="0" cb="4"/>
      <line nr="98" mi="0" ci="6" mb="0" cb="0"/>
      <line nr="99" mi="0" ci="3" mb="0" cb="0"/>
      <line nr="101" mi="0" ci="2" mb="0" cb="0"/>
      <line nr="106" mi="0" ci="7" mb="0" cb="2"/>
      <line nr="107" mi="0" ci="2" mb="0" cb="0"/>
      <line nr="108" mi="0" ci="2" mb="0" cb="0"/>
      <line nr="110" mi="0" ci="1" mb="0" cb="0"/>
      <line nr="114" mi="0" ci="10" mb="0" cb="2"/>
      <line nr="115" mi="0" ci="3" mb="0" cb="0"/>
      <line nr="116" mi="0" ci="3" mb="0" cb="0"/>
      <line nr="117" mi="0" ci="1" mb="0" cb="0"/>
      <line nr="118" mi="0" ci="1" mb="0" cb="0"/>
      <line nr="121" mi="0" ci="9" mb="0" cb="2"/>
      <line nr="122" mi="0" ci="2" mb="0" cb="0"/>
      <line nr="124" mi="0" ci="1" mb="0" cb="0"/>
      <line nr="127" mi="0" ci="8" mb="0" cb="0"/>
      <line nr="128" mi="0" ci="1" mb="0" cb="0"/>
      <line nr="131" mi="0" ci="4" mb="0" cb="0"/>
      <line nr="132" mi="0" ci="1" mb="0" cb="0"/>
      <counter type="INSTRUCTION" missed="7" covered="182"/>
      <counter type="BRANCH" missed="0" covered="20"/>
      <counter type="LINE" missed="2" covered="50"/>
      <counter type="COMPLEXITY" missed="0" covered="21"/>
      <counter type="METHOD" missed="0" covered="11"/>
      <counter type="CLASS" missed="0" covered="1"/>
    </sourcefile>
    <counter type="INSTRUCTION" missed="9" covered="431"/>
    <counter type="BRANCH" missed="6" covered="42"/>
    <counter type="LINE" missed="3" covered="106"/>
    <counter type="COMPLEXITY" missed="6" covered="48"/>
    <counter type="METHOD" missed="0" covered="30"/>
    <counter type="CLASS" missed="0" covered="5"/>
  </package>
  <counter type="INSTRUCTION" missed="1152" covered="4759"/>
  <counter type="BRANCH" missed="76" covered="313"/>
  <counter type="LINE" missed="229" covered="1092"/>
  <counter type="COMPLEXITY" missed="96" covered="413"/>
  <counter type="METHOD" missed="33" covered="279"/>
  <counter type="CLASS" missed="3" covered="40"/>
</report>
