<?xml version="1.0" encoding="UTF-8" standalone="yes"?><!DOCTYPE report PUBLIC "-//JACOCO//DTD Report 1.1//EN"
        "report.dtd">
<report name="report">
    <sessioninfo id="PC0279-383c17f4" start="1765707987641" dump="1765707988855"/>
    <sessioninfo id="PC0279-cd48fad4" start="1765708074313" dump="1765708075348"/>
    <group name="library">
        <package name="org/example">
            <class name="org/example/Library" sourcefilename="Library.java">
                <method name="&lt;init&gt;" desc="()V" line="3">
                    <counter type="INSTRUCTION" missed="3" covered="0"/>
                    <counter type="LINE" missed="1" covered="0"/>
                    <counter type="COMPLEXITY" missed="1" covered="0"/>
                    <counter type="METHOD" missed="1" covered="0"/>
                </method>
                <method name="div" desc="(II)Ljava/lang/Integer;" line="5">
                    <counter type="INSTRUCTION" missed="2" covered="7"/>
                    <counter type="BRANCH" missed="1" covered="1"/>
                    <counter type="LINE" missed="1" covered="2"/>
                    <counter type="COMPLEXITY" missed="1" covered="1"/>
                    <counter type="METHOD" missed="0" covered="1"/>
                </method>
                <counter type="INSTRUCTION" missed="5" covered="7"/>
                <counter type="BRANCH" missed="1" covered="1"/>
                <counter type="LINE" missed="2" covered="2"/>
                <counter type="COMPLEXITY" missed="2" covered="1"/>
                <counter type="METHOD" missed="1" covered="1"/>
                <counter type="CLASS" missed="0" covered="1"/>
            </class>
            <sourcefile name="Library.java">
                <line nr="3" mi="3" ci="0" mb="0" cb="0"/>
                <line nr="5" mi="0" ci="2" mb="1" cb="1"/>
                <line nr="6" mi="2" ci="0" mb="0" cb="0"/>
                <line nr="8" mi="0" ci="5" mb="0" cb="0"/>
                <counter type="INSTRUCTION" missed="5" covered="7"/>
                <counter type="BRANCH" missed="1" covered="1"/>
                <counter type="LINE" missed="2" covered="2"/>
                <counter type="COMPLEXITY" missed="2" covered="1"/>
                <counter type="METHOD" missed="1" covered="1"/>
                <counter type="CLASS" missed="0" covered="1"/>
            </sourcefile>
            <counter type="INSTRUCTION" missed="5" covered="7"/>
            <counter type="BRANCH" missed="1" covered="1"/>
            <counter type="LINE" missed="2" covered="2"/>
            <counter type="COMPLEXITY" missed="2" covered="1"/>
            <counter type="METHOD" missed="1" covered="1"/>
            <counter type="CLASS" missed="0" covered="1"/>
        </package>
        <counter type="INSTRUCTION" missed="5" covered="7"/>
        <counter type="BRANCH" missed="1" covered="1"/>
        <counter type="LINE" missed="2" covered="2"/>
        <counter type="COMPLEXITY" missed="2" covered="1"/>
        <counter type="METHOD" missed="1" covered="1"/>
        <counter type="CLASS" missed="0" covered="1"/>
    </group>
    <counter type="INSTRUCTION" missed="5" covered="7"/>
    <counter type="BRANCH" missed="1" covered="1"/>
    <counter type="LINE" missed="2" covered="2"/>
    <counter type="COMPLEXITY" missed="2" covered="1"/>
    <counter type="METHOD" missed="1" covered="1"/>
    <counter type="CLASS" missed="0" covered="1"/>
</report>